This is LuaTeX, Version 1.07.0 (TeX Live 2018)  (format=lualatex 2018.4.16)  14 NOV 2018 13:38
 restricted system commands enabled.
**Ariel_Paulin.tex
(./Ariel_Paulin.tex
LaTeX2e <2018-04-01> patch level 2
Lua module: luaotfload-main 2017/01/29 2.80001 OpenType layout system.
Lua module: lualibs 2017-02-01 2.5 ConTeXt Lua standard libraries.
Lua module: lualibs-extended 2017-02-01 2.5 ConTeXt Lua libraries -- extended co
llection.(using write cache: /Users/aripauli/Library/texlive/2018/texmf-var/luat
ex-cache/generic)(using read cache: /usr/local/texlive/2018/texmf-var/luatex-cac
he/generic /Users/aripauli/Library/texlive/2018/texmf-var/luatex-cache/generic)
luaotfload | conf : Root cache directory is /Users/aripauli/Library/texlive/2018
/texmf-var/luatex-cache/generic/names.
luaotfload | init : Loading fontloader “fontloader-2017-02-11.lua” from kpse
-resolved path “/usr/local/texlive/2018/texmf-dist/tex/luatex/luaotfload/fontl
oader-2017-02-11.lua”.
Lua-only attribute luaotfload@state = 1
Lua-only attribute luaotfload@noligature = 2
Lua-only attribute luaotfload@syllabe = 3
luaotfload | init : Context OpenType loader version “3.027”
Inserting `luaotfload.node_processor' at position 1 in `pre_linebreak_filter'.
Inserting `luaotfload.node_processor' at position 1 in `hpack_filter'.
Inserting `luaotfload.define_font' at position 1 in `define_font'.
Lua-only attribute luaotfload_color_attribute = 4
luaotfload | conf : Root cache directory is /Users/aripauli/Library/texlive/2018
/texmf-var/luatex-cache/generic/names.
Inserting `luaotfload.aux.set_sscale_dimens' at position 1 in `luaotfload.patch_
font'.
Inserting `luaotfload.aux.patch_cambria_domh' at position 2 in `luaotfload.patch
_font'.
Inserting `luaotfload.aux.fixup_fontdata' at position 1 in `luaotfload.patch_fon
t_unsafe'.
Inserting `luaotfload.aux.set_capheight' at position 3 in `luaotfload.patch_font
'.
Inserting `luaotfload.rewrite_fontname' at position 4 in `luaotfload.patch_font'
.
luaotfload | main : initialization completed in 0.111 seconds
Babel <3.18> and hyphenation patterns for 1 language(s) loaded.
(./awesome-cv.cls
Document Class: awesome-cv 2015/12/14 v1.3 Awesome Curriculum Vitae Class
(/usr/local/texlive/2018/texmf-dist/tex/latex/base/article.cls
Document Class: article 2014/09/29 v1.4h Standard LaTeX document class
(/usr/local/texlive/2018/texmf-dist/tex/latex/base/size12.clo
File: size12.clo 2014/09/29 v1.4h Standard LaTeX file (size option)
luaotfload | db : Font names database loaded from /Users/aripauli/Library/texliv
e/2018/texmf-var/luatex-cache/generic/names/luaotfload-names.luc(load luc: /User
s/aripauli/Library/texlive/2018/texmf-var/luatex-cache/generic/fonts/otl/lmroman
12-regular.luc))
\c@part=\count80
\c@section=\count81
\c@subsection=\count82
\c@subsubsection=\count83
\c@paragraph=\count84
\c@subparagraph=\count85
\c@figure=\count86
\c@table=\count87
\abovecaptionskip=\skip41
\belowcaptionskip=\skip42
\bibindent=\dimen102
) (/usr/local/texlive/2018/texmf-dist/tex/latex/tools/array.sty
Package: array 2018/04/07 v2.4g Tabular extension package (FMi)
\col@sep=\dimen103
\ar@mcellbox=\box26
\extrarowheight=\dimen104
\NC@list=\toks14
\extratabsurround=\skip43
\backup@length=\skip44
\ar@cellbox=\box27
) (/usr/local/texlive/2018/texmf-dist/tex/latex/enumitem/enumitem.sty
Package: enumitem 2011/09/28 v3.5.2 Customized lists
\enitkv@toks@=\toks15
\labelindent=\skip45
\enit@outerparindent=\dimen105
\enit@toks=\toks16
\enit@inbox=\box28
\enitdp@description=\count88
)
(/usr/local/texlive/2018/texmf-dist/tex/latex/ms/ragged2e.sty
Package: ragged2e 2009/05/21 v2.1 ragged2e Package (MS)

(/usr/local/texlive/2018/texmf-dist/tex/latex/ms/everysel.sty
Package: everysel 2011/10/28 v1.2 EverySelectfont Package (MS)
)
\CenteringLeftskip=\skip46
\RaggedLeftLeftskip=\skip47
\RaggedRightLeftskip=\skip48
\CenteringRightskip=\skip49
\RaggedLeftRightskip=\skip50
\RaggedRightRightskip=\skip51
\CenteringParfillskip=\skip52
\RaggedLeftParfillskip=\skip53
\RaggedRightParfillskip=\skip54
\JustifyingParfillskip=\skip55
\CenteringParindent=\skip56
\RaggedLeftParindent=\skip57
\RaggedRightParindent=\skip58
\JustifyingParindent=\skip59
)
(/usr/local/texlive/2018/texmf-dist/tex/latex/geometry/geometry.sty
Package: geometry 2018/03/24 v5.7 Page Geometry

(/usr/local/texlive/2018/texmf-dist/tex/latex/graphics/keyval.sty
Package: keyval 2014/10/28 v1.15 key=value parser (DPC)
\KV@toks@=\toks17
)
(/usr/local/texlive/2018/texmf-dist/tex/generic/oberdiek/ifpdf.sty
Package: ifpdf 2017/03/15 v3.2 Provides the ifpdf switch
)
(/usr/local/texlive/2018/texmf-dist/tex/generic/oberdiek/ifvtex.sty
Package: ifvtex 2016/05/16 v1.6 Detect VTeX and its facilities (HO)
Package ifvtex Info: VTeX not detected.
)
(/usr/local/texlive/2018/texmf-dist/tex/generic/ifxetex/ifxetex.sty
Package: ifxetex 2010/09/12 v0.6 Provides ifxetex conditional
)
\Gm@cnth=\count89
\Gm@cntv=\count90
\c@Gm@tempcnt=\count91
\Gm@bindingoffset=\dimen106
\Gm@wd@mp=\dimen107
\Gm@odd@mp=\dimen108
\Gm@even@mp=\dimen109
\Gm@layoutwidth=\dimen110
\Gm@layoutheight=\dimen111
\Gm@layouthoffset=\dimen112
\Gm@layoutvoffset=\dimen113
\Gm@dimlist=\toks18
)
(/usr/local/texlive/2018/texmf-dist/tex/latex/fancyhdr/fancyhdr.sty
Package: fancyhdr 2017/06/30 v3.9a Extensive control of page headers and footers

\f@nch@headwidth=\skip60
\f@nch@O@elh=\skip61
\f@nch@O@erh=\skip62
\f@nch@O@olh=\skip63
\f@nch@O@orh=\skip64
\f@nch@O@elf=\skip65
\f@nch@O@erf=\skip66
\f@nch@O@olf=\skip67
\f@nch@O@orf=\skip68
)
(/usr/local/texlive/2018/texmf-dist/tex/latex/xcolor/xcolor.sty
Package: xcolor 2016/05/11 v2.12 LaTeX color extensions (UK)

(/usr/local/texlive/2018/texmf-dist/tex/latex/graphics-cfg/color.cfg
File: color.cfg 2016/01/02 v1.6 sample color configuration
)
Package xcolor Info: Driver file: luatex.def on input line 225.

(/usr/local/texlive/2018/texmf-dist/tex/latex/graphics-def/luatex.def
File: luatex.def 2018/01/08 v1.0l Graphics/color driver for luatex
)
Package xcolor Info: Model `cmy' substituted by `cmy0' on input line 1348.
Package xcolor Info: Model `hsb' substituted by `rgb' on input line 1352.
Package xcolor Info: Model `RGB' extended on input line 1364.
Package xcolor Info: Model `HTML' substituted by `rgb' on input line 1366.
Package xcolor Info: Model `Hsb' substituted by `hsb' on input line 1367.
Package xcolor Info: Model `tHsb' substituted by `hsb' on input line 1368.
Package xcolor Info: Model `HSB' substituted by `hsb' on input line 1369.
Package xcolor Info: Model `Gray' substituted by `gray' on input line 1370.
Package xcolor Info: Model `wave' substituted by `hsb' on input line 1371.
)
(/usr/local/texlive/2018/texmf-dist/tex/latex/xifthen/xifthen.sty
Package: xifthen 2015/11/05 v1.4.0 Extended ifthen features

(/usr/local/texlive/2018/texmf-dist/tex/latex/tools/calc.sty
Package: calc 2017/05/25 v4.3 Infix arithmetic (KKT,FJ)
\calc@Acount=\count92
\calc@Bcount=\count93
\calc@Adimen=\dimen114
\calc@Bdimen=\dimen115
\calc@Askip=\skip69
\calc@Bskip=\skip70
LaTeX Info: Redefining \setlength on input line 80.
LaTeX Info: Redefining \addtolength on input line 81.
\calc@Ccount=\count94
\calc@Cskip=\skip71
)
(/usr/local/texlive/2018/texmf-dist/tex/latex/base/ifthen.sty
Package: ifthen 2014/09/29 v1.1c Standard LaTeX ifthen package (DPC)
)
(/usr/local/texlive/2018/texmf-dist/tex/latex/ifmtarg/ifmtarg.sty
Package: ifmtarg 2009/09/02 v1.2a check for an empty argument
))
(/usr/local/texlive/2018/texmf-dist/tex/latex/etoolbox/etoolbox.sty
Package: etoolbox 2018/02/11 v2.5e e-TeX tools for LaTeX (JAW)
\etb@tempcnta=\count95
)
(/usr/local/texlive/2018/texmf-dist/tex/latex/setspace/setspace.sty
Package: setspace 2011/12/19 v6.7a set line spacing
)
(/usr/local/texlive/2018/texmf-dist/tex/latex/base/fontenc.sty
Package: fontenc 2017/04/05 v2.0i Standard LaTeX package

(/usr/local/texlive/2018/texmf-dist/tex/latex/base/t1enc.def
File: t1enc.def 2017/04/05 v2.0i Standard LaTeX file
LaTeX Font Info:    Redeclaring font encoding T1 on input line 48.
)
LaTeX Font Info:    Try loading font information for T1+lmr on input line 105.

(/usr/local/texlive/2018/texmf-dist/tex/latex/lm/t1lmr.fd
File: t1lmr.fd 2009/10/30 v1.6 Font defs for Latin Modern
))
(/usr/local/texlive/2018/texmf-dist/tex/latex/base/inputenc.sty
Package: inputenc 2018/04/06 v1.3b Input encoding file
\inpenc@prehook=\toks19
\inpenc@posthook=\toks20


Package inputenc Warning: inputenc package ignored with utf8 based engines.

) (/usr/local/texlive/2018/texmf-dist/tex/latex/unicode-math/unicode-math.sty
(/usr/local/texlive/2018/texmf-dist/tex/latex/l3kernel/expl3.sty
Package: expl3 2018/03/05 L3 programming layer (loader) 

(/usr/local/texlive/2018/texmf-dist/tex/latex/l3kernel/expl3-code.tex
Package: expl3 2018/03/05 L3 programming layer (code)
\ucharcat@table=\catcodetable5
\c_max_int=\count96
\l_tmpa_int=\count97
\l_tmpb_int=\count98
\g_tmpa_int=\count99
\g_tmpb_int=\count100
\g__intarray_font_int=\count101
\g__prg_map_int=\count102
\c_log_iow=\count103
\l_iow_line_count_int=\count104
\l__iow_line_target_int=\count105
\l__iow_one_indent_int=\count106
\l__iow_indent_int=\count107
\c_zero_dim=\dimen116
\c_max_dim=\dimen117
\l_tmpa_dim=\dimen118
\l_tmpb_dim=\dimen119
\g_tmpa_dim=\dimen120
\g_tmpb_dim=\dimen121
\c_zero_skip=\skip72
\c_max_skip=\skip73
\l_tmpa_skip=\skip74
\l_tmpb_skip=\skip75
\g_tmpa_skip=\skip76
\g_tmpb_skip=\skip77
\c_zero_muskip=\muskip10
\c_max_muskip=\muskip11
\l_tmpa_muskip=\muskip12
\l_tmpb_muskip=\muskip13
\g_tmpa_muskip=\muskip14
\g_tmpb_muskip=\muskip15
\l_keys_choice_int=\count108
\c__fp_leading_shift_int=\count109
\c__fp_middle_shift_int=\count110
\c__fp_trailing_shift_int=\count111
\c__fp_big_leading_shift_int=\count112
\c__fp_big_middle_shift_int=\count113
\c__fp_big_trailing_shift_int=\count114
\c__fp_Bigg_leading_shift_int=\count115
\c__fp_Bigg_middle_shift_int=\count116
\c__fp_Bigg_trailing_shift_int=\count117
\c__fp_rand_size_int=\count118
\c__fp_rand_four_int=\count119
\c__fp_rand_eight_int=\count120
\l__sort_length_int=\count121
\l__sort_min_int=\count122
\l__sort_top_int=\count123
\l__sort_max_int=\count124
\l__sort_true_max_int=\count125
\l__sort_block_int=\count126
\l__sort_begin_int=\count127
\l__sort_end_int=\count128
\l__sort_A_int=\count129
\l__sort_B_int=\count130
\l__sort_C_int=\count131
\l__tl_build_start_index_int=\count132
\l__tl_build_index_int=\count133
\l__tl_analysis_normal_int=\count134
\l__tl_analysis_index_int=\count135
\l__tl_analysis_nesting_int=\count136
\l__tl_analysis_type_int=\count137
\l__regex_internal_a_int=\count138
\l__regex_internal_b_int=\count139
\l__regex_internal_c_int=\count140
\l__regex_balance_int=\count141
\l__regex_group_level_int=\count142
\l__regex_mode_int=\count143
\c__regex_cs_in_class_mode_int=\count144
\c__regex_cs_mode_int=\count145
\l__regex_catcodes_int=\count146
\l__regex_default_catcodes_int=\count147
\c__regex_catcode_L_int=\count148
\c__regex_catcode_O_int=\count149
\c__regex_catcode_A_int=\count150
\c__regex_all_catcodes_int=\count151
\l__regex_show_lines_int=\count152
\l__regex_min_state_int=\count153
\l__regex_max_state_int=\count154
\l__regex_left_state_int=\count155
\l__regex_right_state_int=\count156
\l__regex_capturing_group_int=\count157
\l__regex_min_pos_int=\count158
\l__regex_max_pos_int=\count159
\l__regex_curr_pos_int=\count160
\l__regex_start_pos_int=\count161
\l__regex_success_pos_int=\count162
\l__regex_curr_char_int=\count163
\l__regex_curr_catcode_int=\count164
\l__regex_last_char_int=\count165
\l__regex_case_changed_char_int=\count166
\l__regex_curr_state_int=\count167
\l__regex_step_int=\count168
\l__regex_min_active_int=\count169
\l__regex_max_active_int=\count170
\l__regex_replacement_csnames_int=\count171
\l__regex_match_count_int=\count172
\l__regex_min_submatch_int=\count173
\l__regex_submatch_int=\count174
\l__regex_zeroth_submatch_int=\count175
\g__regex_trace_regex_int=\count176
\c_empty_box=\box29
\l_tmpa_box=\box30
\l_tmpb_box=\box31
\g_tmpa_box=\box32
\g_tmpb_box=\box33
\l__box_top_dim=\dimen122
\l__box_bottom_dim=\dimen123
\l__box_left_dim=\dimen124
\l__box_right_dim=\dimen125
\l__box_top_new_dim=\dimen126
\l__box_bottom_new_dim=\dimen127
\l__box_left_new_dim=\dimen128
\l__box_right_new_dim=\dimen129
\l__box_internal_box=\box34
\l__coffin_internal_box=\box35
\l__coffin_internal_dim=\dimen130
\l__coffin_offset_x_dim=\dimen131
\l__coffin_offset_y_dim=\dimen132
\l__coffin_x_dim=\dimen133
\l__coffin_y_dim=\dimen134
\l__coffin_x_prime_dim=\dimen135
\l__coffin_y_prime_dim=\dimen136
\c_empty_coffin=\box36
\l__coffin_aligned_coffin=\box37
\l__coffin_aligned_internal_coffin=\box38
\l_tmpa_coffin=\box39
\l_tmpb_coffin=\box40
\l__coffin_display_coffin=\box41
\l__coffin_display_coord_coffin=\box42
\l__coffin_display_pole_coffin=\box43
\l__coffin_display_offset_dim=\dimen137
\l__coffin_display_x_dim=\dimen138
\l__coffin_display_y_dim=\dimen139
\l__coffin_bounding_shift_dim=\dimen140
\l__coffin_left_corner_dim=\dimen141
\l__coffin_right_corner_dim=\dimen142
\l__coffin_bottom_corner_dim=\dimen143
\l__coffin_top_corner_dim=\dimen144
\l__coffin_scaled_total_height_dim=\dimen145
\l__coffin_scaled_width_dim=\dimen146
)
(/usr/local/texlive/2018/texmf-dist/tex/latex/l3kernel/l3pdfmode.def
File: l3pdfmode.def 2017/03/18 v L3 Experimental driver: PDF mode
\l__driver_color_stack_int=\count177
))
Package: unicode-math 2018/02/02 vv0.8l Unicode maths in XeLaTeX and LuaLaTeX

(/usr/local/texlive/2018/texmf-dist/tex/latex/unicode-math/unicode-math-luatex.
sty
Package: unicode-math-luatex 2018/02/02 vv0.8l Unicode maths in XeLaTeX and LuaL
aTeX
 (/usr/local/texlive/2018/texmf-dist/tex/latex/l3packages/xparse/xparse.sty
Package: xparse 2018/02/21 L3 Experimental document command parser
\l__xparse_current_arg_int=\count178
\g__xparse_grabber_int=\count179
\l__xparse_m_args_int=\count180
\l__xparse_mandatory_args_int=\count181
\l__xparse_v_nesting_int=\count182
) (/usr/local/texlive/2018/texmf-dist/tex/latex/l3packages/l3keys2e/l3keys2e.st
y
Package: l3keys2e 2018/02/21 LaTeX2e option processing using LaTeX3 keys
) (/usr/local/texlive/2018/texmf-dist/tex/latex/fontspec/fontspec.sty
Package: fontspec 2017/11/09 v2.6g Font selection for XeLaTeX and LuaLaTeX
Lua module: fontspec 2017/11/09 2.6g Font selection for XeLaTeX and LuaLaTeX
(/usr/local/texlive/2018/texmf-dist/tex/latex/fontspec/fontspec-luatex.sty
Package: fontspec-luatex 2017/11/09 v2.6g Font selection for XeLaTeX and LuaLaTe
X
\l__fontspec_script_int=\count183
\l__fontspec_language_int=\count184
\l__fontspec_strnum_int=\count185
\l__fontspec_tmp_int=\count186
\l__fontspec_em_int=\count187
\l__fontspec_emdef_int=\count188
\l__fontspec_strong_int=\count189
\l__fontspec_strongdef_int=\count190
\l__fontspec_tmpa_dim=\dimen147
\l__fontspec_tmpb_dim=\dimen148
\l__fontspec_tmpc_dim=\dimen149
\g__file_internal_ior=\read1

(/usr/local/texlive/2018/texmf-dist/tex/latex/base/fontenc.sty
Package: fontenc 2017/04/05 v2.0i Standard LaTeX package

(/usr/local/texlive/2018/texmf-dist/tex/latex/base/tuenc.def
File: tuenc.def 2017/04/05 v2.0i Standard LaTeX file
LaTeX Font Info:    Redeclaring font encoding TU on input line 82.
))
.................................................
. LaTeX info: "xparse/define-command"
. 
. Defining command \fontspec with sig. 'O{}mO{}' on line 545.
.................................................
.................................................
. LaTeX info: "xparse/define-command"
. 
. Defining command \setmainfont with sig. 'O{}mO{}' on line 549.
.................................................
.................................................
. LaTeX info: "xparse/define-command"
. 
. Defining command \setsansfont with sig. 'O{}mO{}' on line 553.
.................................................
.................................................
. LaTeX info: "xparse/define-command"
. 
. Defining command \setmonofont with sig. 'O{}mO{}' on line 557.
.................................................
.................................................
. LaTeX info: "xparse/define-command"
. 
. Defining command \setmathrm with sig. 'O{}mO{}' on line 561.
.................................................
.................................................
. LaTeX info: "xparse/define-command"
. 
. Defining command \setboldmathrm with sig. 'O{}mO{}' on line 565.
.................................................
.................................................
. LaTeX info: "xparse/define-command"
. 
. Defining command \setmathsf with sig. 'O{}mO{}' on line 569.
.................................................
.................................................
. LaTeX info: "xparse/define-command"
. 
. Defining command \setmathtt with sig. 'O{}mO{}' on line 573.
.................................................
.................................................
. LaTeX info: "xparse/define-command"
. 
. Defining command \setromanfont with sig. 'O{}mO{}' on line 577.
.................................................
.................................................
. LaTeX info: "xparse/define-command"
. 
. Defining command \newfontfamily with sig. 'mO{}mO{}' on line 581.
.................................................
.................................................
. LaTeX info: "xparse/define-command"
. 
. Defining command \newfontface with sig. 'mO{}mO{}' on line 585.
.................................................
.................................................
. LaTeX info: "xparse/define-command"
. 
. Defining command \defaultfontfeatures with sig. 't+om' on line 589.
.................................................
.................................................
. LaTeX info: "xparse/define-command"
. 
. Defining command \addfontfeatures with sig. 'm' on line 593.
.................................................
.................................................
. LaTeX info: "xparse/define-command"
. 
. Defining command \addfontfeature with sig. 'm' on line 597.
.................................................
.................................................
. LaTeX info: "xparse/define-command"
. 
. Defining command \newfontfeature with sig. 'mm' on line 601.
.................................................
.................................................
. LaTeX info: "xparse/define-command"
. 
. Defining command \newAATfeature with sig. 'mmmm' on line 605.
.................................................
.................................................
. LaTeX info: "xparse/define-command"
. 
. Defining command \newopentypefeature with sig. 'mmm' on line 609.
.................................................
.................................................
. LaTeX info: "xparse/define-command"
. 
. Defining command \newICUfeature with sig. 'mmm' on line 613.
.................................................
.................................................
. LaTeX info: "xparse/define-command"
. 
. Defining command \aliasfontfeature with sig. 'mm' on line 617.
.................................................
.................................................
. LaTeX info: "xparse/define-command"
. 
. Defining command \aliasfontfeatureoption with sig. 'mmm' on line 621.
.................................................
.................................................
. LaTeX info: "xparse/define-command"
. 
. Defining command \newfontscript with sig. 'mm' on line 625.
.................................................
.................................................
. LaTeX info: "xparse/define-command"
. 
. Defining command \newfontlanguage with sig. 'mm' on line 629.
.................................................
.................................................
. LaTeX info: "xparse/define-command"
. 
. Defining command \DeclareFontsExtensions with sig. 'm' on line 633.
.................................................
.................................................
. LaTeX info: "xparse/define-command"
. 
. Defining command \IfFontFeatureActiveTF with sig. 'mmm' on line 637.
.................................................
.................................................
. LaTeX info: "xparse/define-command"
. 
. Defining command \EncodingCommand with sig. 'mO{}m' on line 3366.
.................................................
.................................................
. LaTeX info: "xparse/define-command"
. 
. Defining command \EncodingAccent with sig. 'mm' on line 3372.
.................................................
.................................................
. LaTeX info: "xparse/define-command"
. 
. Defining command \EncodingSymbol with sig. 'mm' on line 3378.
.................................................
.................................................
. LaTeX info: "xparse/define-command"
. 
. Defining command \EncodingComposite with sig. 'mmm' on line 3384.
.................................................
.................................................
. LaTeX info: "xparse/define-command"
. 
. Defining command \EncodingCompositeCommand with sig. 'mmm' on line 3390.
.................................................
.................................................
. LaTeX info: "xparse/define-command"
. 
. Defining command \DeclareUnicodeEncoding with sig. 'mm' on line 3415.
.................................................
.................................................
. LaTeX info: "xparse/define-command"
. 
. Defining command \UndeclareSymbol with sig. 'm' on line 3421.
.................................................
.................................................
. LaTeX info: "xparse/define-command"
. 
. Defining command \UndeclareAccent with sig. 'm' on line 3427.
.................................................
.................................................
. LaTeX info: "xparse/define-command"
. 
. Defining command \UndeclareCommand with sig. 'm' on line 3433.
.................................................
.................................................
. LaTeX info: "xparse/define-command"
. 
. Defining command \UndeclareComposite with sig. 'mm' on line 3440.
.................................................

(/usr/local/texlive/2018/texmf-dist/tex/latex/fontspec/fontspec.cfg)
LaTeX Info: Redefining \itshape on input line 3625.
LaTeX Info: Redefining \slshape on input line 3630.
LaTeX Info: Redefining \scshape on input line 3635.
LaTeX Info: Redefining \upshape on input line 3640.
LaTeX Info: Redefining \em on input line 3670.
LaTeX Info: Redefining \emph on input line 3695.
(load luc: /Users/aripauli/Library/texlive/2018/texmf-var/luatex-cache/generic/f
onts/otl/lmroman12-bold.luc)(load luc: /Users/aripauli/Library/texlive/2018/texm
f-var/luatex-cache/generic/fonts/otl/lmroman12-italic.luc)
LaTeX Info: Redefining \- on input line 3749.
.................................................
. LaTeX info: "xparse/redefine-command"
. 
. Redefining command \oldstylenums with sig. 'm' on line 3844.
.................................................
.................................................
. LaTeX info: "xparse/define-command"
. 
. Defining command \liningnums with sig. 'm' on line 3848.
.................................................
))
(/usr/local/texlive/2018/texmf-dist/tex/latex/filehook/filehook.sty
Package: filehook 2011/10/12 v0.5d Hooks for input files
)
(/usr/local/texlive/2018/texmf-dist/tex/latex/base/fix-cm.sty
Package: fix-cm 2015/01/14 v1.1t fixes to LaTeX

(/usr/local/texlive/2018/texmf-dist/tex/latex/base/ts1enc.def
File: ts1enc.def 2001/06/05 v3.0e (jk/car/fm) Standard LaTeX file
))
(/usr/local/texlive/2018/texmf-dist/tex/lualatex/lualatex-math/lualatex-math.st
y
Package: lualatex-math 2017/06/15 v1.7 Patches for mathematics typesetting with 
LuaLaTeX
Lua module: lualatex-math 2013/08/03 1.3 Patches for mathematics typesetting wit
h LuaLaTeX)
\g__um_fam_int=\count191
\g__um_fonts_used_int=\count192
\l__um_primecount_int=\count193
\g__um_primekern_muskip=\muskip16
.................................................
. LaTeX info: "xparse/define-command"
. 
. Defining command \unimathsetup with sig. 'm' on line 277.
.................................................
.................................................
. LaTeX info: "xparse/define-command"
. 
. Defining command \setmathfont with sig. 'O{}mO{}' on line 281.
.................................................
.................................................
. LaTeX info: "xparse/define-command"
. 
. Defining command \setmathfontface with sig. 'mO{}mO{}' on line 285.
.................................................
.................................................
. LaTeX info: "xparse/define-command"
. 
. Defining command \setoperatorfont with sig. 'm' on line 290.
.................................................
.................................................
. LaTeX info: "xparse/define-command"
. 
. Defining command \addnolimits with sig. 'm' on line 295.
.................................................
.................................................
. LaTeX info: "xparse/define-command"
. 
. Defining command \removenolimits with sig. 'm' on line 299.
.................................................

(/usr/local/texlive/2018/texmf-dist/tex/latex/unicode-math/unicode-math-table.t
ex)
.................................................
. LaTeX info: "xparse/redefine-command"
. 
. Redefining command \not with sig. 'm' on line 3840.
.................................................
.................................................
. LaTeX info: "xparse/define-command"
. 
. Defining command \NewNegationCommand with sig. 'mm' on line 3844.
.................................................
.................................................
. LaTeX info: "xparse/define-command"
. 
. Defining command \RenewNegationCommand with sig. 'mm' on line 3848.
.................................................
)) (./fontawesome.sty
Package: fontawesome 2015/11/04 v4.4.0 font awesome icons
luaotfload | db : Reload initiated (formats: otf,ttf,ttc); reason: "File not fou
nd: fonts/FontAwesome.".(load luc: /Users/aripauli/Library/texlive/2018/texmf-va
r/luatex-cache/generic/fonts/otl/fontawesome.luc)
luaotfload | aux : font no 27 (nil) defines no feature for script latn
luaotfload | aux : no font with id 27
.................................................
. fontspec info: "no-scripts"
. 
. Font "FontAwesome" does not contain any OpenType `Script' information.
.................................................
\g__fontspec_family_FontAwesome_int=\count194
luaotfload | aux : font no 27 (nil) does not define feature smcp for script  wit
h language 
luaotfload | aux : no font with id 27
.................................................
. fontspec info: "defining-font"
. 
. Font family 'FontAwesome(0)' created for font 'FontAwesome' with options
. [Path=fonts/].
.  
.  This font family consists of the following NFSS series/shapes:
.  
. - 'normal' (m/n) with NFSS spec.: <->"[fonts/FontAwesome]:mode=node;"
. - 'small caps'  (m/sc) with NFSS spec.: 
.................................................
)
(/usr/local/texlive/2018/texmf-dist/tex/latex/roboto/roboto.sty
Package: roboto 2015/09/15 (Bob Tennent) Supports Roboto fonts for all LaTeX eng
ines.

(/usr/local/texlive/2018/texmf-dist/tex/generic/oberdiek/ifluatex.sty
Package: ifluatex 2016/05/16 v1.4 Provides the ifluatex switch (HO)
Package ifluatex Info: LuaTeX detected.
)
(/usr/local/texlive/2018/texmf-dist/tex/latex/xkeyval/xkeyval.sty
Package: xkeyval 2014/12/03 v2.7a package option processing (HA)

(/usr/local/texlive/2018/texmf-dist/tex/generic/xkeyval/xkeyval.tex
(/usr/local/texlive/2018/texmf-dist/tex/generic/xkeyval/xkvutils.tex
\XKV@toks=\toks21
\XKV@tempa@toks=\toks22
)
\XKV@depth=\count195
File: xkeyval.tex 2014/12/03 v2.7a key=value parser (HA)
))
(/usr/local/texlive/2018/texmf-dist/tex/latex/base/textcomp.sty
Package: textcomp 2017/04/05 v2.0i Standard LaTeX package
Package textcomp Info: Sub-encoding information:
(textcomp)               5 = only ISO-Adobe without \textcurrency
(textcomp)               4 = 5 + \texteuro
(textcomp)               3 = 4 + \textohm
(textcomp)               2 = 3 + \textestimated + \textcurrency
(textcomp)               1 = TS1 - \textcircled - \t
(textcomp)               0 = TS1 (full)
(textcomp)             Font families with sub-encoding setting implement
(textcomp)             only a restricted character set as indicated.
(textcomp)             Family '?' is the default used for unknown fonts.
(textcomp)             See the documentation for details.
Package textcomp Info: Setting ? sub-encoding to TS1/1 on input line 79.

(/usr/local/texlive/2018/texmf-dist/tex/latex/base/ts1enc.def
File: ts1enc.def 2001/06/05 v3.0e (jk/car/fm) Standard LaTeX file
LaTeX Font Info:    Redeclaring font encoding TS1 on input line 47.
)
LaTeX Info: Redefining \oldstylenums on input line 334.
Package textcomp Info: Setting cmr sub-encoding to TS1/0 on input line 349.
Package textcomp Info: Setting cmss sub-encoding to TS1/0 on input line 350.
Package textcomp Info: Setting cmtt sub-encoding to TS1/0 on input line 351.
Package textcomp Info: Setting cmvtt sub-encoding to TS1/0 on input line 352.
Package textcomp Info: Setting cmbr sub-encoding to TS1/0 on input line 353.
Package textcomp Info: Setting cmtl sub-encoding to TS1/0 on input line 354.
Package textcomp Info: Setting ccr sub-encoding to TS1/0 on input line 355.
Package textcomp Info: Setting ptm sub-encoding to TS1/4 on input line 356.
Package textcomp Info: Setting pcr sub-encoding to TS1/4 on input line 357.
Package textcomp Info: Setting phv sub-encoding to TS1/4 on input line 358.
Package textcomp Info: Setting ppl sub-encoding to TS1/3 on input line 359.
Package textcomp Info: Setting pag sub-encoding to TS1/4 on input line 360.
Package textcomp Info: Setting pbk sub-encoding to TS1/4 on input line 361.
Package textcomp Info: Setting pnc sub-encoding to TS1/4 on input line 362.
Package textcomp Info: Setting pzc sub-encoding to TS1/4 on input line 363.
Package textcomp Info: Setting bch sub-encoding to TS1/4 on input line 364.
Package textcomp Info: Setting put sub-encoding to TS1/5 on input line 365.
Package textcomp Info: Setting uag sub-encoding to TS1/5 on input line 366.
Package textcomp Info: Setting ugq sub-encoding to TS1/5 on input line 367.
Package textcomp Info: Setting ul8 sub-encoding to TS1/4 on input line 368.
Package textcomp Info: Setting ul9 sub-encoding to TS1/4 on input line 369.
Package textcomp Info: Setting augie sub-encoding to TS1/5 on input line 370.
Package textcomp Info: Setting dayrom sub-encoding to TS1/3 on input line 371.
Package textcomp Info: Setting dayroms sub-encoding to TS1/3 on input line 372.
Package textcomp Info: Setting pxr sub-encoding to TS1/0 on input line 373.
Package textcomp Info: Setting pxss sub-encoding to TS1/0 on input line 374.
Package textcomp Info: Setting pxtt sub-encoding to TS1/0 on input line 375.
Package textcomp Info: Setting txr sub-encoding to TS1/0 on input line 376.
Package textcomp Info: Setting txss sub-encoding to TS1/0 on input line 377.
Package textcomp Info: Setting txtt sub-encoding to TS1/0 on input line 378.
Package textcomp Info: Setting lmr sub-encoding to TS1/0 on input line 379.
Package textcomp Info: Setting lmdh sub-encoding to TS1/0 on input line 380.
Package textcomp Info: Setting lmss sub-encoding to TS1/0 on input line 381.
Package textcomp Info: Setting lmssq sub-encoding to TS1/0 on input line 382.
Package textcomp Info: Setting lmvtt sub-encoding to TS1/0 on input line 383.
Package textcomp Info: Setting lmtt sub-encoding to TS1/0 on input line 384.
Package textcomp Info: Setting qhv sub-encoding to TS1/0 on input line 385.
Package textcomp Info: Setting qag sub-encoding to TS1/0 on input line 386.
Package textcomp Info: Setting qbk sub-encoding to TS1/0 on input line 387.
Package textcomp Info: Setting qcr sub-encoding to TS1/0 on input line 388.
Package textcomp Info: Setting qcs sub-encoding to TS1/0 on input line 389.
Package textcomp Info: Setting qpl sub-encoding to TS1/0 on input line 390.
Package textcomp Info: Setting qtm sub-encoding to TS1/0 on input line 391.
Package textcomp Info: Setting qzc sub-encoding to TS1/0 on input line 392.
Package textcomp Info: Setting qhvc sub-encoding to TS1/0 on input line 393.
Package textcomp Info: Setting futs sub-encoding to TS1/4 on input line 394.
Package textcomp Info: Setting futx sub-encoding to TS1/4 on input line 395.
Package textcomp Info: Setting futj sub-encoding to TS1/4 on input line 396.
Package textcomp Info: Setting hlh sub-encoding to TS1/3 on input line 397.
Package textcomp Info: Setting hls sub-encoding to TS1/3 on input line 398.
Package textcomp Info: Setting hlst sub-encoding to TS1/3 on input line 399.
Package textcomp Info: Setting hlct sub-encoding to TS1/5 on input line 400.
Package textcomp Info: Setting hlx sub-encoding to TS1/5 on input line 401.
Package textcomp Info: Setting hlce sub-encoding to TS1/5 on input line 402.
Package textcomp Info: Setting hlcn sub-encoding to TS1/5 on input line 403.
Package textcomp Info: Setting hlcw sub-encoding to TS1/5 on input line 404.
Package textcomp Info: Setting hlcf sub-encoding to TS1/5 on input line 405.
Package textcomp Info: Setting pplx sub-encoding to TS1/3 on input line 406.
Package textcomp Info: Setting pplj sub-encoding to TS1/3 on input line 407.
Package textcomp Info: Setting ptmx sub-encoding to TS1/4 on input line 408.
Package textcomp Info: Setting ptmj sub-encoding to TS1/4 on input line 409.
)(load luc: /Users/aripauli/Library/texlive/2018/texmf-var/luatex-cache/generic/
fonts/otl/roboto-regular.luc)(save: /Users/aripauli/Library/texlive/2018/texmf-v
ar/luatex-cache/generic/fonts/otl/roboto-regular.lua)(save: /Users/aripauli/Libr
ary/texlive/2018/texmf-var/luatex-cache/generic/fonts/otl/roboto-regular.luc)
\g__fontspec_family_Roboto_int=\count196
(load luc: /Users/aripauli/Library/texlive/2018/texmf-var/luatex-cache/generic/f
onts/otl/roboto-bold.luc)(save: /Users/aripauli/Library/texlive/2018/texmf-var/l
uatex-cache/generic/fonts/otl/roboto-bold.lua)(save: /Users/aripauli/Library/tex
live/2018/texmf-var/luatex-cache/generic/fonts/otl/roboto-bold.luc)(load luc: /U
sers/aripauli/Library/texlive/2018/texmf-var/luatex-cache/generic/fonts/otl/robo
to-regularitalic.luc)(load luc: /Users/aripauli/Library/texlive/2018/texmf-var/l
uatex-cache/generic/fonts/otl/roboto-bolditalic.luc)(save: /Users/aripauli/Libra
ry/texlive/2018/texmf-var/luatex-cache/generic/fonts/otl/roboto-bolditalic.lua)(
save: /Users/aripauli/Library/texlive/2018/texmf-var/luatex-cache/generic/fonts/
otl/roboto-bolditalic.luc)
.................................................
. fontspec info: "defining-font"
. 
. Font family 'Roboto(0)' created for font 'Roboto' with options [Ligatures =
. TeX,Scale = 1,Extension = .ttf,Ligatures=TeX,Numbers =
. {Proportional,Lining},UprightFont = *-Regular,ItalicFont =
. *-RegularItalic,BoldFont = *-Bold,BoldItalicFont = *-BoldItalic].
.  
.  This font family consists of the following NFSS series/shapes:
.  
. - 'normal' (m/n) with NFSS spec.:
. <->s*[1]"[Roboto-Regular.ttf]:mode=node;script=latn;language=DFLT;+tlig;+pnum;
+lnum;"
. - 'small caps'  (m/sc) with NFSS spec.:
. <->s*[1]"[Roboto-Regular.ttf]:mode=node;script=latn;language=DFLT;+tlig;+pnum;
+lnum;+smcp;"
. - 'bold' (bx/n) with NFSS spec.:
. <->s*[1]"[Roboto-Bold.ttf]:mode=node;script=latn;language=DFLT;+tlig;+pnum;+ln
um;"
. - 'bold small caps'  (bx/sc) with NFSS spec.:
. <->s*[1]"[Roboto-Bold.ttf]:mode=node;script=latn;language=DFLT;+tlig;+pnum;+ln
um;+smcp;"
. - 'italic' (m/it) with NFSS spec.:
. <->s*[1]"[Roboto-RegularItalic.ttf]:mode=node;script=latn;language=DFLT;+tlig;
+pnum;+lnum;"
. - 'italic small caps'  (m/itsc) with NFSS spec.:
. <->s*[1]"[Roboto-RegularItalic.ttf]:mode=node;script=latn;language=DFLT;+tlig;
+pnum;+lnum;+smcp;"
. - 'bold italic' (bx/it) with NFSS spec.:
. <->s*[1]"[Roboto-BoldItalic.ttf]:mode=node;script=latn;language=DFLT;+tlig;+pn
um;+lnum;"
. - 'bold italic small caps'  (bx/itsc) with NFSS spec.:
. <->s*[1]"[Roboto-BoldItalic.ttf]:mode=node;script=latn;language=DFLT;+tlig;+pn
um;+lnum;+smcp;"
.................................................
LaTeX Info: Redefining \sffamily on input line 130.
.................................................
. fontspec info: "defining-font"
. 
. Font family 'Roboto(1)' created for font 'Roboto' with options [Ligatures =
. TeX,Scale = 1,Extension = .ttf,Renderer=Basic,Numbers =
. {Proportional,Lining},UprightFont = *-Regular,ItalicFont =
. *-RegularItalic,BoldFont = *-Bold,BoldItalicFont = *-BoldItalic].
.  
.  This font family consists of the following NFSS series/shapes:
.  
. - 'normal' (m/n) with NFSS spec.:
. <->s*[1]"[Roboto-Regular.ttf]:mode=base;script=latn;language=DFLT;+tlig;+pnum;
+lnum;"
. - 'small caps'  (m/sc) with NFSS spec.:
. <->s*[1]"[Roboto-Regular.ttf]:mode=base;script=latn;language=DFLT;+tlig;+pnum;
+lnum;+smcp;"
. - 'bold' (bx/n) with NFSS spec.:
. <->s*[1]"[Roboto-Bold.ttf]:mode=base;script=latn;language=DFLT;+tlig;+pnum;+ln
um;"
. - 'bold small caps'  (bx/sc) with NFSS spec.:
. <->s*[1]"[Roboto-Bold.ttf]:mode=base;script=latn;language=DFLT;+tlig;+pnum;+ln
um;+smcp;"
. - 'italic' (m/it) with NFSS spec.:
. <->s*[1]"[Roboto-RegularItalic.ttf]:mode=base;script=latn;language=DFLT;+tlig;
+pnum;+lnum;"
. - 'italic small caps'  (m/itsc) with NFSS spec.:
. <->s*[1]"[Roboto-RegularItalic.ttf]:mode=base;script=latn;language=DFLT;+tlig;
+pnum;+lnum;+smcp;"
. - 'bold italic' (bx/it) with NFSS spec.:
. <->s*[1]"[Roboto-BoldItalic.ttf]:mode=base;script=latn;language=DFLT;+tlig;+pn
um;+lnum;"
. - 'bold italic small caps'  (bx/itsc) with NFSS spec.:
. <->s*[1]"[Roboto-BoldItalic.ttf]:mode=base;script=latn;language=DFLT;+tlig;+pn
um;+lnum;+smcp;"
.................................................
LaTeX Font Info:    Overwriting math alphabet `\mathsf' in version `normal'
(Font)                  OT1/cmss/m/n --> TU/Roboto(1)/m/n on input line 130.
LaTeX Font Info:    Overwriting math alphabet `\mathsf' in version `bold'
(Font)                  OT1/cmss/bx/n --> TU/Roboto(1)/bx/n on input line 130.
.................................................
. fontspec info: "defining-font"
. 
. Font family 'Roboto(2)' created for font 'Roboto' with options [Ligatures =
. TeX,Scale = 1,Extension = .ttf,Numbers = {Proportional,Lining},UprightFont =
. *-Regular,ItalicFont = *-RegularItalic,BoldFont = *-Bold,BoldItalicFont =
. *-BoldItalic].
.  
.  This font family consists of the following NFSS series/shapes:
.  
. - 'normal' (m/n) with NFSS spec.:
. <->s*[1]"[Roboto-Regular.ttf]:mode=node;script=latn;language=DFLT;+tlig;+pnum;
+lnum;"
. - 'small caps'  (m/sc) with NFSS spec.:
. <->s*[1]"[Roboto-Regular.ttf]:mode=node;script=latn;language=DFLT;+tlig;+pnum;
+lnum;+smcp;"
. - 'bold' (bx/n) with NFSS spec.:
. <->s*[1]"[Roboto-Bold.ttf]:mode=node;script=latn;language=DFLT;+tlig;+pnum;+ln
um;"
. - 'bold small caps'  (bx/sc) with NFSS spec.:
. <->s*[1]"[Roboto-Bold.ttf]:mode=node;script=latn;language=DFLT;+tlig;+pnum;+ln
um;+smcp;"
. - 'italic' (m/it) with NFSS spec.:
. <->s*[1]"[Roboto-RegularItalic.ttf]:mode=node;script=latn;language=DFLT;+tlig;
+pnum;+lnum;"
. - 'italic small caps'  (m/itsc) with NFSS spec.:
. <->s*[1]"[Roboto-RegularItalic.ttf]:mode=node;script=latn;language=DFLT;+tlig;
+pnum;+lnum;+smcp;"
. - 'bold italic' (bx/it) with NFSS spec.:
. <->s*[1]"[Roboto-BoldItalic.ttf]:mode=node;script=latn;language=DFLT;+tlig;+pn
um;+lnum;"
. - 'bold italic small caps'  (bx/itsc) with NFSS spec.:
. <->s*[1]"[Roboto-BoldItalic.ttf]:mode=node;script=latn;language=DFLT;+tlig;+pn
um;+lnum;+smcp;"
.................................................
(load luc: /Users/aripauli/Library/texlive/2018/texmf-var/luatex-cache/generic/f
onts/otl/robotocondensed-regular.luc)
\g__fontspec_family_RobotoCondensed_int=\count197
(load luc: /Users/aripauli/Library/texlive/2018/texmf-var/luatex-cache/generic/f
onts/otl/robotocondensed-bold.luc)(load luc: /Users/aripauli/Library/texlive/201
8/texmf-var/luatex-cache/generic/fonts/otl/robotocondensed-regularitalic.luc)(lo
ad luc: /Users/aripauli/Library/texlive/2018/texmf-var/luatex-cache/generic/font
s/otl/robotocondensed-bolditalic.luc)
.................................................
. fontspec info: "defining-font"
. 
. Font family 'RobotoCondensed(0)' created for font 'RobotoCondensed' with
. options [Ligatures = TeX,Scale = 1,Extension = .ttf,Numbers =
. {Proportional,Lining},UprightFont = *-Regular,ItalicFont =
. *-RegularItalic,BoldFont = *-Bold,BoldItalicFont = *-BoldItalic].
.  
.  This font family consists of the following NFSS series/shapes:
.  
. - 'normal' (m/n) with NFSS spec.:
. <->s*[1]"[RobotoCondensed-Regular.ttf]:mode=node;script=latn;language=DFLT;+tl
ig;+pnum;+lnum;"
. - 'small caps'  (m/sc) with NFSS spec.:
. <->s*[1]"[RobotoCondensed-Regular.ttf]:mode=node;script=latn;language=DFLT;+tl
ig;+pnum;+lnum;+smcp;"
. - 'bold' (bx/n) with NFSS spec.:
. <->s*[1]"[RobotoCondensed-Bold.ttf]:mode=node;script=latn;language=DFLT;+tlig;
+pnum;+lnum;"
. - 'bold small caps'  (bx/sc) with NFSS spec.:
. <->s*[1]"[RobotoCondensed-Bold.ttf]:mode=node;script=latn;language=DFLT;+tlig;
+pnum;+lnum;+smcp;"
. - 'italic' (m/it) with NFSS spec.:
. <->s*[1]"[RobotoCondensed-RegularItalic.ttf]:mode=node;script=latn;language=DF
LT;+tlig;+pnum;+lnum;"
. - 'italic small caps'  (m/itsc) with NFSS spec.:
. <->s*[1]"[RobotoCondensed-RegularItalic.ttf]:mode=node;script=latn;language=DF
LT;+tlig;+pnum;+lnum;+smcp;"
. - 'bold italic' (bx/it) with NFSS spec.:
. <->s*[1]"[RobotoCondensed-BoldItalic.ttf]:mode=node;script=latn;language=DFLT;
+tlig;+pnum;+lnum;"
. - 'bold italic small caps'  (bx/itsc) with NFSS spec.:
. <->s*[1]"[RobotoCondensed-BoldItalic.ttf]:mode=node;script=latn;language=DFLT;
+tlig;+pnum;+lnum;+smcp;"
.................................................
(load luc: /Users/aripauli/Library/texlive/2018/texmf-var/luatex-cache/generic/f
onts/otl/robotoslab-regular.luc)
luaotfload | aux : font no 36 (nil) defines no feature for script latn
luaotfload | aux : no font with id 36
.................................................
. fontspec info: "no-scripts"
. 
. Font "RobotoSlab-Regular" does not contain any OpenType `Script'
. information.
.................................................
\g__fontspec_family_RobotoSlab_int=\count198
luaotfload | aux : font no 36 (nil) does not define feature smcp for script  wit
h language 
luaotfload | aux : no font with id 36(load luc: /Users/aripauli/Library/texlive/
2018/texmf-var/luatex-cache/generic/fonts/otl/robotoslab-bold.luc)
luaotfload | aux : font no 37 (nil) does not define feature smcp for script  wit
h language 
luaotfload | aux : no font with id 37
.................................................
. fontspec info: "defining-font"
. 
. Font family 'RobotoSlab(0)' created for font 'RobotoSlab' with options
. [Ligatures = TeX,Scale = 1,Extension = .ttf,UprightFont = *-Regular,BoldFont
. = *-Bold].
.  
.  This font family consists of the following NFSS series/shapes:
.  
. - 'normal' (m/n) with NFSS spec.:
. <->s*[1]"[RobotoSlab-Regular.ttf]:mode=node;+tlig;"
. - 'small caps'  (m/sc) with NFSS spec.: 
. - 'bold' (bx/n) with NFSS spec.:
. <->s*[1]"[RobotoSlab-Bold.ttf]:mode=node;+tlig;"
. - 'bold small caps'  (bx/sc) with NFSS spec.: 
.................................................
.................................................
. fontspec info: "defining-font"
. 
. Font family 'Roboto(3)' created for font 'Roboto' with options [Ligatures =
. TeX,Scale = 1,Extension = .ttf,Numbers = {Proportional,OldStyle},UprightFont
. = *-Regular,ItalicFont = *-RegularItalic,BoldFont = *-Bold,BoldItalicFont =
. *-BoldItalic].
.  
.  This font family consists of the following NFSS series/shapes:
.  
. - 'normal' (m/n) with NFSS spec.:
. <->s*[1]"[Roboto-Regular.ttf]:mode=node;script=latn;language=DFLT;+tlig;+pnum;
+onum;"
. - 'small caps'  (m/sc) with NFSS spec.:
. <->s*[1]"[Roboto-Regular.ttf]:mode=node;script=latn;language=DFLT;+tlig;+pnum;
+onum;+smcp;"
. - 'bold' (bx/n) with NFSS spec.:
. <->s*[1]"[Roboto-Bold.ttf]:mode=node;script=latn;language=DFLT;+tlig;+pnum;+on
um;"
. - 'bold small caps'  (bx/sc) with NFSS spec.:
. <->s*[1]"[Roboto-Bold.ttf]:mode=node;script=latn;language=DFLT;+tlig;+pnum;+on
um;+smcp;"
. - 'italic' (m/it) with NFSS spec.:
. <->s*[1]"[Roboto-RegularItalic.ttf]:mode=node;script=latn;language=DFLT;+tlig;
+pnum;+onum;"
. - 'italic small caps'  (m/itsc) with NFSS spec.:
. <->s*[1]"[Roboto-RegularItalic.ttf]:mode=node;script=latn;language=DFLT;+tlig;
+pnum;+onum;+smcp;"
. - 'bold italic' (bx/it) with NFSS spec.:
. <->s*[1]"[Roboto-BoldItalic.ttf]:mode=node;script=latn;language=DFLT;+tlig;+pn
um;+onum;"
. - 'bold italic small caps'  (bx/itsc) with NFSS spec.:
. <->s*[1]"[Roboto-BoldItalic.ttf]:mode=node;script=latn;language=DFLT;+tlig;+pn
um;+onum;+smcp;"
.................................................
LaTeX Info: Redefining \oldstylenums on input line 173.
LaTeX Info: Redefining \liningnums on input line 174.
) (/usr/local/texlive/2018/texmf-dist/tex/latex/parskip/parskip.sty
Package: parskip 2001/04/09 non-zero parskip adjustments
)
(/usr/local/texlive/2018/texmf-dist/tex/latex/hyperref/hyperref.sty
Package: hyperref 2018/02/06 v6.86b Hypertext links for LaTeX

(/usr/local/texlive/2018/texmf-dist/tex/generic/oberdiek/hobsub-hyperref.sty
Package: hobsub-hyperref 2016/05/16 v1.14 Bundle oberdiek, subset hyperref (HO)

(/usr/local/texlive/2018/texmf-dist/tex/generic/oberdiek/hobsub-generic.sty
Package: hobsub-generic 2016/05/16 v1.14 Bundle oberdiek, subset generic (HO)
Package: hobsub 2016/05/16 v1.14 Construct package bundles (HO)
Package: infwarerr 2016/05/16 v1.4 Providing info/warning/error messages (HO)
Package: ltxcmds 2016/05/16 v1.23 LaTeX kernel commands for general use (HO)
Package hobsub Info: Skipping package `ifluatex' (already loaded).
Package hobsub Info: Skipping package `ifvtex' (already loaded).
Package: intcalc 2016/05/16 v1.2 Expandable calculations with integers (HO)
Package hobsub Info: Skipping package `ifpdf' (already loaded).
Package: etexcmds 2016/05/16 v1.6 Avoid name clashes with e-TeX commands (HO)
Package: kvsetkeys 2016/05/16 v1.17 Key value parser (HO)
Package: kvdefinekeys 2016/05/16 v1.4 Define keys (HO)
Package: luatex-loader 2016/05/16 v0.6 Lua module loader (HO)

(/usr/local/texlive/2018/texmf-dist/scripts/oberdiek/oberdiek.luatex.lua)
Package: pdftexcmds 2018/01/30 v0.27 Utility functions of pdfTeX for LuaTeX (HO)

Package pdftexcmds Info: \pdf@primitive is available.
Package pdftexcmds Info: \pdf@ifprimitive is available.
Package pdftexcmds Info: \pdfdraftmode found.
\pdftexcmds@toks=\toks23
Package: pdfescape 2016/05/16 v1.14 Implements pdfTeX's escape features (HO)
Package: bigintcalc 2016/05/16 v1.4 Expandable calculations on big integers (HO)

Package: bitset 2016/05/16 v1.2 Handle bit-vector datatype (HO)
Package: uniquecounter 2016/05/16 v1.3 Provide unlimited unique counter (HO)
)
Package hobsub Info: Skipping package `hobsub' (already loaded).
Package: letltxmacro 2016/05/16 v1.5 Let assignment for LaTeX macros (HO)
Package: hopatch 2016/05/16 v1.3 Wrapper for package hooks (HO)
Package: xcolor-patch 2016/05/16 xcolor patch
Package: atveryend 2016/05/16 v1.9 Hooks at the very end of document (HO)
Package: atbegshi 2016/06/09 v1.18 At begin shipout hook (HO)
Package: refcount 2016/05/16 v3.5 Data extraction from label references (HO)
Package: hycolor 2016/05/16 v1.8 Color options for hyperref/bookmark (HO)
)
(/usr/local/texlive/2018/texmf-dist/tex/latex/oberdiek/auxhook.sty
Package: auxhook 2016/05/16 v1.4 Hooks for auxiliary files (HO)
)
(/usr/local/texlive/2018/texmf-dist/tex/latex/oberdiek/kvoptions.sty
Package: kvoptions 2016/05/16 v3.12 Key value format for package options (HO)
)
\@linkdim=\dimen150
\Hy@linkcounter=\count199
\Hy@pagecounter=\count266

(/usr/local/texlive/2018/texmf-dist/tex/latex/hyperref/pd1enc.def
File: pd1enc.def 2018/02/06 v6.86b Hyperref: PDFDocEncoding definition (HO)
)
\Hy@SavedSpaceFactor=\count267

(/usr/local/texlive/2018/texmf-dist/tex/latex/latexconfig/hyperref.cfg
File: hyperref.cfg 2002/06/06 v1.2 hyperref configuration of TeXLive
)
Package hyperref Info: Hyper figures OFF on input line 4509.
Package hyperref Info: Link nesting OFF on input line 4514.
Package hyperref Info: Hyper index ON on input line 4517.
Package hyperref Info: Plain pages OFF on input line 4524.
Package hyperref Info: Backreferencing OFF on input line 4529.
Package hyperref Info: Implicit mode ON; LaTeX internals redefined.
Package hyperref Info: Bookmarks ON on input line 4762.
\c@Hy@tempcnt=\count268

(/usr/local/texlive/2018/texmf-dist/tex/latex/url/url.sty
\Urlmuskip=\muskip17
Package: url 2013/09/16  ver 3.4  Verb mode for urls, etc.
)
LaTeX Info: Redefining \url on input line 5115.
\XeTeXLinkMargin=\dimen151
\Fld@menulength=\count269
\Field@Width=\dimen152
\Fld@charsize=\dimen153
Package hyperref Info: Hyper figures OFF on input line 6369.
Package hyperref Info: Link nesting OFF on input line 6374.
Package hyperref Info: Hyper index ON on input line 6377.
Package hyperref Info: backreferencing OFF on input line 6384.
Package hyperref Info: Link coloring OFF on input line 6389.
Package hyperref Info: Link coloring with OCG OFF on input line 6394.
Package hyperref Info: PDF/A mode OFF on input line 6399.
LaTeX Info: Redefining \ref on input line 6439.
LaTeX Info: Redefining \pageref on input line 6443.
\Hy@abspage=\count270
\c@Item=\count271
\c@Hfootnote=\count272
)
Package hyperref Info: Driver (autodetected): hluatex.

(/usr/local/texlive/2018/texmf-dist/tex/latex/hyperref/hluatex.def
File: hluatex.def 2018/02/06 v6.86b Hyperref driver for luaTeX
\Fld@listcount=\count273
\c@bookmark@seq@number=\count274

(/usr/local/texlive/2018/texmf-dist/tex/latex/oberdiek/rerunfilecheck.sty
Package: rerunfilecheck 2016/05/16 v1.8 Rerun checks for auxiliary files (HO)
Package uniquecounter Info: New unique counter `rerunfilecheck' on input line 28
2.
)
\Hy@SectionHShift=\skip78
)
Package hyperref Info: Option `colorlinks' set `false' on input line 96.
(save: /Users/aripauli/Library/texlive/2018/texmf-var/luatex-cache/generic/fonts
/otl/roboto-regular.lua)(save: /Users/aripauli/Library/texlive/2018/texmf-var/lu
atex-cache/generic/fonts/otl/roboto-regular.luc)
luaotfload | aux : font no 38 (nil) defines no feature for script latn
luaotfload | aux : no font with id 38
.................................................
. fontspec info: "no-scripts"
. 
. Font "Roboto-Regular" does not contain any OpenType `Script' information.
.................................................
luaotfload | aux : font no 38 (nil) does not define feature smcp for script  wit
h language 
luaotfload | aux : no font with id 38(save: /Users/aripauli/Library/texlive/2018
/texmf-var/luatex-cache/generic/fonts/otl/roboto-bold.lua)(save: /Users/aripauli
/Library/texlive/2018/texmf-var/luatex-cache/generic/fonts/otl/roboto-bold.luc)
luaotfload | aux : font no 39 (nil) does not define feature smcp for script  wit
h language 
luaotfload | aux : no font with id 39(load luc: /Users/aripauli/Library/texlive/
2018/texmf-var/luatex-cache/generic/fonts/otl/roboto-italic.luc)
luaotfload | aux : font no 40 (nil) does not define feature smcp for script  wit
h language 
luaotfload | aux : no font with id 40(save: /Users/aripauli/Library/texlive/2018
/texmf-var/luatex-cache/generic/fonts/otl/roboto-bolditalic.lua)(save: /Users/ar
ipauli/Library/texlive/2018/texmf-var/luatex-cache/generic/fonts/otl/roboto-bold
italic.luc)
luaotfload | aux : font no 41 (nil) does not define feature smcp for script  wit
h language 
luaotfload | aux : no font with id 41
.................................................
. fontspec info: "defining-font"
. 
. Font family 'Roboto(4)' created for font 'Roboto' with options
. [Path=fonts/,UprightFont=*-Regular,ItalicFont=*-Italic,BoldFont=*-Bold,BoldIta
licFont=*-BoldItalic].
.  
.  This font family consists of the following NFSS series/shapes:
.  
. - 'normal' (m/n) with NFSS spec.: <->"[fonts/Roboto-Regular]:mode=node;"
. - 'small caps'  (m/sc) with NFSS spec.: 
. - 'bold' (bx/n) with NFSS spec.: <->"[fonts/Roboto-Bold]:mode=node;"
. - 'bold small caps'  (bx/sc) with NFSS spec.: 
. - 'italic' (m/it) with NFSS spec.: <->"[fonts/Roboto-Italic]:mode=node;"
. - 'italic small caps'  (m/itsc) with NFSS spec.: 
. - 'bold italic' (bx/it) with NFSS spec.:
. <->"[fonts/Roboto-BoldItalic]:mode=node;"
. - 'bold italic small caps'  (bx/itsc) with NFSS spec.: 
.................................................
(load luc: /Users/aripauli/Library/texlive/2018/texmf-var/luatex-cache/generic/f
onts/otl/roboto-thin.luc)
luaotfload | aux : font no 42 (nil) defines no feature for script latn
luaotfload | aux : no font with id 42
.................................................
. fontspec info: "no-scripts"
. 
. Font "Roboto-Thin" does not contain any OpenType `Script' information.
.................................................
luaotfload | aux : font no 42 (nil) does not define feature smcp for script  wit
h language 
luaotfload | aux : no font with id 42(load luc: /Users/aripauli/Library/texlive/
2018/texmf-var/luatex-cache/generic/fonts/otl/roboto-medium.luc)
luaotfload | aux : font no 43 (nil) does not define feature smcp for script  wit
h language 
luaotfload | aux : no font with id 43(load luc: /Users/aripauli/Library/texlive/
2018/texmf-var/luatex-cache/generic/fonts/otl/roboto-thinitalic.luc)
luaotfload | aux : font no 44 (nil) does not define feature smcp for script  wit
h language 
luaotfload | aux : no font with id 44(load luc: /Users/aripauli/Library/texlive/
2018/texmf-var/luatex-cache/generic/fonts/otl/roboto-mediumitalic.luc)
luaotfload | aux : font no 45 (nil) does not define feature smcp for script  wit
h language 
luaotfload | aux : no font with id 45
.................................................
. fontspec info: "defining-font"
. 
. Font family 'Roboto(5)' created for font 'Roboto' with options
. [Path=fonts/,UprightFont=*-Thin,ItalicFont=*-ThinItalic,BoldFont=*-Medium,Bold
ItalicFont=*-MediumItalic].
.  
.  This font family consists of the following NFSS series/shapes:
.  
. - 'normal' (m/n) with NFSS spec.: <->"[fonts/Roboto-Thin]:mode=node;"
. - 'small caps'  (m/sc) with NFSS spec.: 
. - 'bold' (bx/n) with NFSS spec.: <->"[fonts/Roboto-Medium]:mode=node;"
. - 'bold small caps'  (bx/sc) with NFSS spec.: 
. - 'italic' (m/it) with NFSS spec.: <->"[fonts/Roboto-ThinItalic]:mode=node;"
. - 'italic small caps'  (m/itsc) with NFSS spec.: 
. - 'bold italic' (bx/it) with NFSS spec.:
. <->"[fonts/Roboto-MediumItalic]:mode=node;"
. - 'bold italic small caps'  (bx/itsc) with NFSS spec.: 
.................................................
(load luc: /Users/aripauli/Library/texlive/2018/texmf-var/luatex-cache/generic/f
onts/otl/sourcesanspro-regular.luc)
\g__fontspec_family_SourceSansPro_int=\count275
(load luc: /Users/aripauli/Library/texlive/2018/texmf-var/luatex-cache/generic/f
onts/otl/sourcesanspro-bold.luc)(load luc: /Users/aripauli/Library/texlive/2018/
texmf-var/luatex-cache/generic/fonts/otl/sourcesanspro-it.luc)
luaotfload | aux : font no 48 (nil) does not define feature smcp for script latn
 with language dflt
luaotfload | aux : no font with id 48
.................................................
. fontspec info: "defining-font"
. 
. Font family 'SourceSansPro(0)' created for font 'SourceSansPro' with options
. [Path=fonts/,UprightFont=*-Regular,ItalicFont=*-It,BoldFont=*-Bold].
.  
.  This font family consists of the following NFSS series/shapes:
.  
. - 'normal' (m/n) with NFSS spec.:
. <->"[fonts/SourceSansPro-Regular]:mode=node;script=latn;language=DFLT;"
. - 'small caps'  (m/sc) with NFSS spec.:
. <->"[fonts/SourceSansPro-Regular]:mode=node;script=latn;language=DFLT;+smcp;"
. - 'bold' (bx/n) with NFSS spec.:
. <->"[fonts/SourceSansPro-Bold]:mode=node;script=latn;language=DFLT;"
. - 'bold small caps'  (bx/sc) with NFSS spec.:
. <->"[fonts/SourceSansPro-Bold]:mode=node;script=latn;language=DFLT;+smcp;"
. - 'italic' (m/it) with NFSS spec.:
. <->"[fonts/SourceSansPro-It]:mode=node;script=latn;language=DFLT;"
. - 'italic small caps'  (m/itsc) with NFSS spec.: 
.................................................
luaotfload | aux : font no 48 (nil) does not define feature smcp for script latn
 with language dflt
luaotfload | aux : no font with id 48(load luc: /Users/aripauli/Library/texlive/
2018/texmf-var/luatex-cache/generic/fonts/otl/sourcesanspro-boldit.luc)
luaotfload | aux : font no 49 (nil) does not define feature smcp for script latn
 with language dflt
luaotfload | aux : no font with id 49
.................................................
. fontspec info: "defining-font"
. 
. Font family 'SourceSansPro(1)' created for font 'SourceSansPro' with options
. [Path=fonts/,UprightFont=*-Regular,ItalicFont=*-It,BoldFont=*-Bold,BoldItalicF
ont=*-BoldIt].
.  
.  This font family consists of the following NFSS series/shapes:
.  
. - 'normal' (m/n) with NFSS spec.:
. <->"[fonts/SourceSansPro-Regular]:mode=node;script=latn;language=DFLT;"
. - 'small caps'  (m/sc) with NFSS spec.:
. <->"[fonts/SourceSansPro-Regular]:mode=node;script=latn;language=DFLT;+smcp;"
. - 'bold' (bx/n) with NFSS spec.:
. <->"[fonts/SourceSansPro-Bold]:mode=node;script=latn;language=DFLT;"
. - 'bold small caps'  (bx/sc) with NFSS spec.:
. <->"[fonts/SourceSansPro-Bold]:mode=node;script=latn;language=DFLT;+smcp;"
. - 'italic' (m/it) with NFSS spec.:
. <->"[fonts/SourceSansPro-It]:mode=node;script=latn;language=DFLT;"
. - 'italic small caps'  (m/itsc) with NFSS spec.: 
. - 'bold italic' (bx/it) with NFSS spec.:
. <->"[fonts/SourceSansPro-BoldIt]:mode=node;script=latn;language=DFLT;"
. - 'bold italic small caps'  (bx/itsc) with NFSS spec.: 
.................................................
(load luc: /Users/aripauli/Library/texlive/2018/texmf-var/luatex-cache/generic/f
onts/otl/sourcesanspro-light.luc)(load luc: /Users/aripauli/Library/texlive/2018
/texmf-var/luatex-cache/generic/fonts/otl/sourcesanspro-semibold.luc)(load luc: 
/Users/aripauli/Library/texlive/2018/texmf-var/luatex-cache/generic/fonts/otl/so
urcesanspro-lightit.luc)
luaotfload | aux : font no 52 (nil) does not define feature smcp for script latn
 with language dflt
luaotfload | aux : no font with id 52(load luc: /Users/aripauli/Library/texlive/
2018/texmf-var/luatex-cache/generic/fonts/otl/sourcesanspro-semiboldit.luc)
luaotfload | aux : font no 53 (nil) does not define feature smcp for script latn
 with language dflt
luaotfload | aux : no font with id 53
.................................................
. fontspec info: "defining-font"
. 
. Font family 'SourceSansPro(2)' created for font 'SourceSansPro' with options
. [Path=fonts/,UprightFont=*-Light,ItalicFont=*-LightIt,BoldFont=*-Semibold,Bold
ItalicFont=*-SemiboldIt].
.  
.  This font family consists of the following NFSS series/shapes:
.  
. - 'normal' (m/n) with NFSS spec.:
. <->"[fonts/SourceSansPro-Light]:mode=node;script=latn;language=DFLT;"
. - 'small caps'  (m/sc) with NFSS spec.:
. <->"[fonts/SourceSansPro-Light]:mode=node;script=latn;language=DFLT;+smcp;"
. - 'bold' (bx/n) with NFSS spec.:
. <->"[fonts/SourceSansPro-Semibold]:mode=node;script=latn;language=DFLT;"
. - 'bold small caps'  (bx/sc) with NFSS spec.:
. <->"[fonts/SourceSansPro-Semibold]:mode=node;script=latn;language=DFLT;+smcp;"

. - 'italic' (m/it) with NFSS spec.:
. <->"[fonts/SourceSansPro-LightIt]:mode=node;script=latn;language=DFLT;"
. - 'italic small caps'  (m/itsc) with NFSS spec.: 
. - 'bold italic' (bx/it) with NFSS spec.:
. <->"[fonts/SourceSansPro-SemiboldIt]:mode=node;script=latn;language=DFLT;"
. - 'bold italic small caps'  (bx/itsc) with NFSS spec.: 
.................................................
)
(/usr/local/texlive/2018/texmf-dist/tex/latex/import/import.sty
Package: import 2009/03/23  v 5.1
)
.................................................
. lualatex-math info: "patch-macro"
. 
. I'm going to patch macro \frac.
.................................................

(./Ariel_Paulin.aux)
\openout1 = Ariel_Paulin.aux

LaTeX Font Info:    Checking defaults for OML/cmm/m/it on input line 71.
LaTeX Font Info:    ... okay on input line 71.
LaTeX Font Info:    Checking defaults for T1/cmr/m/n on input line 71.
LaTeX Font Info:    ... okay on input line 71.
LaTeX Font Info:    Checking defaults for OT1/cmr/m/n on input line 71.
LaTeX Font Info:    ... okay on input line 71.
LaTeX Font Info:    Checking defaults for OMS/cmsy/m/n on input line 71.
LaTeX Font Info:    ... okay on input line 71.
LaTeX Font Info:    Checking defaults for TU/lmr/m/n on input line 71.
LaTeX Font Info:    ... okay on input line 71.
LaTeX Font Info:    Checking defaults for OMX/cmex/m/n on input line 71.
LaTeX Font Info:    ... okay on input line 71.
LaTeX Font Info:    Checking defaults for U/cmr/m/n on input line 71.
LaTeX Font Info:    ... okay on input line 71.
LaTeX Font Info:    Checking defaults for TS1/cmr/m/n on input line 71.
LaTeX Font Info:    ... okay on input line 71.
LaTeX Font Info:    Checking defaults for PD1/pdf/m/n on input line 71.
LaTeX Font Info:    ... okay on input line 71.
 ABD: EverySelectfont initializing macros
LaTeX Info: Redefining \selectfont on input line 71.

*geometry* driver: auto-detecting
*geometry* detected driver: luatex
*geometry* verbose mode - [ preamble ] result:
* driver: luatex
* paper: a4paper
* layout: <same size as paper>
* layoutoffset:(h,v)=(0.0pt,0.0pt)
* modes: 
* h-part:(L,W,R)=(28.45274pt, 540.60239pt, 28.45274pt)
* v-part:(T,H,B)=(56.9055pt, 731.23584pt, 56.9055pt)
* \paperwidth=597.50787pt
* \paperheight=845.04684pt
* \textwidth=540.60239pt
* \textheight=731.23584pt
* \oddsidemargin=-43.81725pt
* \evensidemargin=-43.81725pt
* \topmargin=-52.36449pt
* \headheight=12.0pt
* \headsep=25.0pt
* \topskip=12.0pt
* \footskip=11.38092pt
* \marginparwidth=35.0pt
* \marginparsep=10.0pt
* \columnsep=10.0pt
* \skip\footins=10.8pt plus 4.0pt minus 2.0pt
* \hoffset=0.0pt
* \voffset=0.0pt
* \mag=1000
* \@twocolumnfalse
* \@twosidefalse
* \@mparswitchfalse
* \@reversemarginfalse
* (1in=72.27pt=25.4mm, 1cm=28.453pt)

(/usr/local/texlive/2018/texmf-dist/tex/context/base/mkii/supp-pdf.mkii
[Loading MPS to PDF converter (version 2006.09.02).]
\scratchcounter=\count276
\scratchdimen=\dimen154
\scratchbox=\box44
\nofMPsegments=\count277
\nofMParguments=\count278
\everyMPshowfont=\toks24
\MPscratchCnt=\count279
\MPscratchDim=\dimen155
\MPnumerator=\count280
\makeMPintoPDFobject=\count281
\everyMPtoPDFconversion=\toks25
)
LaTeX Font Info:    Overwriting math alphabet `\mathrm' in version `normal'
(Font)                  OT1/cmr/m/n --> TU/lmr/m/n on input line 71.
LaTeX Font Info:    Overwriting math alphabet `\mathit' in version `normal'
(Font)                  OT1/cmr/m/it --> TU/lmr/m/it on input line 71.
LaTeX Font Info:    Overwriting math alphabet `\mathbf' in version `normal'
(Font)                  OT1/cmr/bx/n --> TU/lmr/bx/n on input line 71.
LaTeX Font Info:    Overwriting math alphabet `\mathtt' in version `normal'
(Font)                  OT1/cmtt/m/n --> TU/lmtt/m/n on input line 71.
LaTeX Font Info:    Overwriting math alphabet `\mathtt' in version `bold'
(Font)                  OT1/cmtt/m/n --> TU/lmtt/bx/n on input line 71.
(load luc: /Users/aripauli/Library/texlive/2018/texmf-var/luatex-cache/generic/f
onts/otl/latinmodern-math.luc)
\g__fontspec_family_latinmodern-math.otf_int=\count282
luaotfload | aux : font no 54 (nil) does not define feature smcp for script math
 with language dflt
luaotfload | aux : no font with id 54
luaotfload | aux : font no 54 (nil) does not define feature smcp for script math
 with language dflt
luaotfload | aux : no font with id 54
.................................................
. fontspec info: "defining-font"
. 
. Font family 'latinmodern-math.otf(0)' created for font
. 'latinmodern-math.otf' with options
. [Renderer=Basic,BoldItalicFont={},ItalicFont={},Script=Math,FontAdjustment={\_
_um_luatex_copy_fontdimens:
. },BoldFont={latinmodern-math.otf}].
.  
.  This font family consists of the following NFSS series/shapes:
.  
. - 'normal' (m/n) with NFSS spec.:
. <->"[latinmodern-math.otf]:mode=base;script=math;language=DFLT;"
. - 'small caps'  (m/sc) with NFSS spec.: 
. and font adjustment code:
. \__um_luatex_copy_fontdimens: 
. - 'bold' (bx/n) with NFSS spec.:
. <->"[latinmodern-math.otf]:mode=base;script=math;language=DFLT;"
. - 'bold small caps'  (bx/sc) with NFSS spec.: 
. and font adjustment code:
. \__um_luatex_copy_fontdimens: 
.................................................
luaotfload | aux : font no 54 (nil) does not define feature smcp for script math
 with language dflt
luaotfload | aux : no font with id 54
luaotfload | aux : font no 54 (nil) does not define feature smcp for script math
 with language dflt
luaotfload | aux : no font with id 54
.................................................
. fontspec info: "defining-font"
. 
. Font family 'latinmodern-math.otf(1)' created for font
. 'latinmodern-math.otf' with options
. [Renderer=Basic,BoldItalicFont={},ItalicFont={},Script=Math,SizeFeatures={{Siz
e=10-},{Size=7-10,Font=latinmodern-math.otf,Style=MathScript},{Size=-7,Font=lati
nmodern-math.otf,Style=MathScriptScript}},FontAdjustment={\__um_luatex_copy_font
dimens:
. },BoldFont={latinmodern-math.otf}].
.  
.  This font family consists of the following NFSS series/shapes:
.  
. - 'normal' (m/n) with NFSS spec.:
. <10->"[latinmodern-math.otf]:mode=base;script=math;language=DFLT;"<7-10>"[lati
nmodern-math.otf]:mode=base;script=math;language=DFLT;+ssty=0;"<-7>"[latinmodern
-math.otf]:mode=base;script=math;language=DFLT;+ssty=1;"
. - 'small caps'  (m/sc) with NFSS spec.: 
. and font adjustment code:
. \__um_luatex_copy_fontdimens: 
. - 'bold' (bx/n) with NFSS spec.:
. <->"[latinmodern-math.otf]:mode=base;script=math;language=DFLT;"
. - 'bold small caps'  (bx/sc) with NFSS spec.: 
. and font adjustment code:
. \__um_luatex_copy_fontdimens: 
.................................................
LaTeX Font Info:    Encoding `OT1' has changed to `TU' for symbol font
(Font)              `operators' in the math version `normal' on input line 71.
LaTeX Font Info:    Overwriting symbol font `operators' in version `normal'
(Font)                  OT1/cmr/m/n --> TU/latinmodern-math.otf(1)/m/n on input 
line 71.
LaTeX Font Info:    Encoding `OT1' has changed to `TU' for symbol font
(Font)              `operators' in the math version `bold' on input line 71.
LaTeX Font Info:    Overwriting symbol font `operators' in version `bold'
(Font)                  OT1/cmr/bx/n --> TU/latinmodern-math.otf(1)/bx/n on inpu
t line 71.
luaotfload | aux : font no 54 (nil) does not define feature smcp for script math
 with language dflt
luaotfload | aux : no font with id 54
luaotfload | aux : font no 54 (nil) does not define feature smcp for script math
 with language dflt
luaotfload | aux : no font with id 54
.................................................
. fontspec info: "defining-font"
. 
. Font family 'latinmodern-math.otf(2)' created for font
. 'latinmodern-math.otf' with options
. [Renderer=Basic,BoldItalicFont={},ItalicFont={},Script=Math,SizeFeatures={{Siz
e=10-},{Size=7-10,Font=latinmodern-math.otf,Style=MathScript},{Size=-7,Font=lati
nmodern-math.otf,Style=MathScriptScript}},FontAdjustment={\__um_luatex_copy_font
dimens:
. },BoldFont={latinmodern-math.otf},Scale=1.00001,FontAdjustment={\fontdimen
. 8\font =8.124pt\relax \fontdimen 9\font =4.728pt\relax \fontdimen 10\font
. =5.32799pt\relax \fontdimen 11\font =8.232pt\relax \fontdimen 12\font
. =4.14pt\relax \fontdimen 13\font =4.35599pt\relax \fontdimen 14\font
. =4.35599pt\relax \fontdimen 15\font =3.46799pt\relax \fontdimen 16\font
. =2.96399pt\relax \fontdimen 17\font =2.96399pt\relax \fontdimen 18\font
. =3.0pt\relax \fontdimen 19\font =2.4pt\relax \fontdimen 22\font =3.0pt\relax
. \fontdimen 20\font =0pt\relax \fontdimen 21\font =0pt\relax }].
.  
.  This font family consists of the following NFSS series/shapes:
.  
. - 'normal' (m/n) with NFSS spec.:
. <10->s*[1.00001]"[latinmodern-math.otf]:mode=base;script=math;language=DFLT;"<
7-10>s*[1.00001]"[latinmodern-math.otf]:mode=base;script=math;language=DFLT;+sst
y=0;"<-7>s*[1.00001]"[latinmodern-math.otf]:mode=base;script=math;language=DFLT;
+ssty=1;"
. - 'small caps'  (m/sc) with NFSS spec.: 
. and font adjustment code:
. \__um_luatex_copy_fontdimens: \fontdimen 8\font =8.124pt\relax \fontdimen
. 9\font =4.728pt\relax \fontdimen 10\font =5.32799pt\relax \fontdimen 11\font
. =8.232pt\relax \fontdimen 12\font =4.14pt\relax \fontdimen 13\font
. =4.35599pt\relax \fontdimen 14\font =4.35599pt\relax \fontdimen 15\font
. =3.46799pt\relax \fontdimen 16\font =2.96399pt\relax \fontdimen 17\font
. =2.96399pt\relax \fontdimen 18\font =3.0pt\relax \fontdimen 19\font
. =2.4pt\relax \fontdimen 22\font =3.0pt\relax \fontdimen 20\font =0pt\relax
. \fontdimen 21\font =0pt\relax 
. - 'bold' (bx/n) with NFSS spec.:
. <->s*[1.00001]"[latinmodern-math.otf]:mode=base;script=math;language=DFLT;"
. - 'bold small caps'  (bx/sc) with NFSS spec.: 
. and font adjustment code:
. \__um_luatex_copy_fontdimens: \fontdimen 8\font =8.124pt\relax \fontdimen
. 9\font =4.728pt\relax \fontdimen 10\font =5.32799pt\relax \fontdimen 11\font
. =8.232pt\relax \fontdimen 12\font =4.14pt\relax \fontdimen 13\font
. =4.35599pt\relax \fontdimen 14\font =4.35599pt\relax \fontdimen 15\font
. =3.46799pt\relax \fontdimen 16\font =2.96399pt\relax \fontdimen 17\font
. =2.96399pt\relax \fontdimen 18\font =3.0pt\relax \fontdimen 19\font
. =2.4pt\relax \fontdimen 22\font =3.0pt\relax \fontdimen 20\font =0pt\relax
. \fontdimen 21\font =0pt\relax 
.................................................
LaTeX Font Info:    Encoding `OMS' has changed to `TU' for symbol font
(Font)              `symbols' in the math version `normal' on input line 71.
LaTeX Font Info:    Overwriting symbol font `symbols' in version `normal'
(Font)                  OMS/cmsy/m/n --> TU/latinmodern-math.otf(2)/m/n on input
 line 71.
LaTeX Font Info:    Encoding `OMS' has changed to `TU' for symbol font
(Font)              `symbols' in the math version `bold' on input line 71.
LaTeX Font Info:    Overwriting symbol font `symbols' in version `bold'
(Font)                  OMS/cmsy/b/n --> TU/latinmodern-math.otf(2)/bx/n on inpu
t line 71.
luaotfload | aux : font no 54 (nil) does not define feature smcp for script math
 with language dflt
luaotfload | aux : no font with id 54
luaotfload | aux : font no 54 (nil) does not define feature smcp for script math
 with language dflt
luaotfload | aux : no font with id 54
.................................................
. fontspec info: "defining-font"
. 
. Font family 'latinmodern-math.otf(3)' created for font
. 'latinmodern-math.otf' with options
. [Renderer=Basic,BoldItalicFont={},ItalicFont={},Script=Math,SizeFeatures={{Siz
e=10-},{Size=7-10,Font=latinmodern-math.otf,Style=MathScript},{Size=-7,Font=lati
nmodern-math.otf,Style=MathScriptScript}},FontAdjustment={\__um_luatex_copy_font
dimens:
. },BoldFont={latinmodern-math.otf},Scale=0.99999,FontAdjustment={\fontdimen
. 8\font =0.48pt\relax \fontdimen 9\font =2.4pt\relax \fontdimen 10\font
. =2.004pt\relax \fontdimen 11\font =1.33199pt\relax \fontdimen 12\font
. =7.2pt\relax \fontdimen 13\font =0pt\relax }].
.  
.  This font family consists of the following NFSS series/shapes:
.  
. - 'normal' (m/n) with NFSS spec.:
. <10->s*[0.99999]"[latinmodern-math.otf]:mode=base;script=math;language=DFLT;"<
7-10>s*[0.99999]"[latinmodern-math.otf]:mode=base;script=math;language=DFLT;+sst
y=0;"<-7>s*[0.99999]"[latinmodern-math.otf]:mode=base;script=math;language=DFLT;
+ssty=1;"
. - 'small caps'  (m/sc) with NFSS spec.: 
. and font adjustment code:
. \__um_luatex_copy_fontdimens: \fontdimen 8\font =0.48pt\relax \fontdimen
. 9\font =2.4pt\relax \fontdimen 10\font =2.004pt\relax \fontdimen 11\font
. =1.33199pt\relax \fontdimen 12\font =7.2pt\relax \fontdimen 13\font
. =0pt\relax 
. - 'bold' (bx/n) with NFSS spec.:
. <->s*[0.99999]"[latinmodern-math.otf]:mode=base;script=math;language=DFLT;"
. - 'bold small caps'  (bx/sc) with NFSS spec.: 
. and font adjustment code:
. \__um_luatex_copy_fontdimens: \fontdimen 8\font =0.48pt\relax \fontdimen
. 9\font =2.4pt\relax \fontdimen 10\font =2.004pt\relax \fontdimen 11\font
. =1.33199pt\relax \fontdimen 12\font =7.2pt\relax \fontdimen 13\font
. =0pt\relax 
.................................................
LaTeX Font Info:    Encoding `OMX' has changed to `TU' for symbol font
(Font)              `largesymbols' in the math version `normal' on input line 71
.
LaTeX Font Info:    Overwriting symbol font `largesymbols' in version `normal'
(Font)                  OMX/cmex/m/n --> TU/latinmodern-math.otf(3)/m/n on input
 line 71.
LaTeX Font Info:    Encoding `OMX' has changed to `TU' for symbol font
(Font)              `largesymbols' in the math version `bold' on input line 71.
LaTeX Font Info:    Overwriting symbol font `largesymbols' in version `bold'
(Font)                  OMX/cmex/m/n --> TU/latinmodern-math.otf(3)/bx/n on inpu
t line 71.
LaTeX Font Info:    Font shape `TU/latinmodern-math.otf(2)/m/n' will be
(Font)              scaled to size 12.00018pt on input line 71.
LaTeX Font Info:    Font shape `TU/latinmodern-math.otf(2)/m/n' will be
(Font)              scaled to size 8.41495pt on input line 71.
LaTeX Font Info:    Font shape `TU/latinmodern-math.otf(2)/m/n' will be
(Font)              scaled to size 5.97696pt on input line 71.
LaTeX Font Info:    Font shape `TU/latinmodern-math.otf(3)/m/n' will be
(Font)              scaled to size 11.99982pt on input line 71.
LaTeX Font Info:    Font shape `TU/latinmodern-math.otf(3)/m/n' will be
(Font)              scaled to size 8.41469pt on input line 71.
LaTeX Font Info:    Font shape `TU/latinmodern-math.otf(3)/m/n' will be
(Font)              scaled to size 5.97679pt on input line 71.
\AtBeginShipoutBox=\box45
Package hyperref Info: Link coloring OFF on input line 71.

(/usr/local/texlive/2018/texmf-dist/tex/latex/hyperref/nameref.sty
Package: nameref 2016/05/21 v2.44 Cross-referencing by name of section

(/usr/local/texlive/2018/texmf-dist/tex/generic/oberdiek/gettitlestring.sty
Package: gettitlestring 2016/05/16 v1.5 Cleanup title references (HO)
)
\c@section@level=\count283
)
LaTeX Info: Redefining \ref on input line 71.
LaTeX Info: Redefining \pageref on input line 71.
LaTeX Info: Redefining \nameref on input line 71.

(./Ariel_Paulin.out) (./Ariel_Paulin.out)
\@outlinefile=\write3

\openout3 = Ariel_Paulin.out
 (./resume/summary.tex)
(./resume/experience.tex
LaTeX Font Info:    Font shape `TU/SourceSansPro(2)/m/sl' in size <9> not availa
ble
(Font)              Font shape `TU/SourceSansPro(2)/m/it' tried instead on input
 line 17.
LaTeX Font Info:    Font shape `TU/SourceSansPro(2)/m/sl' in size <8> not availa
ble
(Font)              Font shape `TU/SourceSansPro(2)/m/it' tried instead on input
 line 17.
 [1

{/usr/local/texlive/2018/texmf-var/fonts/map/pdftex/updmap/pdftex.map}]) (./res
ume/projects.tex
Underfull \hbox (badness 2573) in paragraph at lines 63--63
[]\TU/SourceSansPro(2)/m/n/11 Web fron-tend in Re-act for ag-gre-gat-ing and
 []

) (./resume/education.tex
Overfull \hbox (2.60799pt too wide) in paragraph at lines 9--1
[] []
 []


Underfull \hbox (badness 10000) in paragraph at lines 9--1

 []

)
Package atveryend Info: Empty hook `BeforeClearDocument' on input line 84.
 [2]
Package atveryend Info: Empty hook `AfterLastShipout' on input line 84.
 (./Ariel_Paulin.aux)
Package atveryend Info: Executing hook `AtVeryEndDocument' on input line 84.
Package atveryend Info: Executing hook `AtEndAfterFileList' on input line 84.
Package rerunfilecheck Info: File `Ariel_Paulin.out' has not changed.
(rerunfilecheck)             Checksum: D41D8CD98F00B204E9800998ECF8427E;0.
)

Here is how much of LuaTeX's memory you used:
 24165 strings out of 494413
 125171,794899 words of node,token memory allocated
 533 words of node memory still in use:
   3 hlist, 1 vlist, 1 rule, 2 glue, 4 attribute, 78 glue_spec, 4 attribute_list
, 1 write nodes
   avail lists: 2:854,3:168,4:124,5:527,6:62,7:3258,8:66,9:268,10:13,11:246
 27125 multiletter control sequences out of 65536+600000
 85 fonts using 23628823 bytes
 60i,11n,90p,886b,457s stack positions out of 5000i,500n,10000p,200000b,100000s
<./fonts/SourceSansPro-LightIt.otf><./fonts/SourceSansPro-Light.otf><./fonts/Sou
rceSansPro-Bold.otf><./fonts/Roboto-Regular.ttf><./fonts/FontAwesome.ttf><./font
s/SourceSansPro-Regular.otf><./fonts/Roboto-Bold.ttf>
Output written on Ariel_Paulin.pdf (2 pages, 39544 bytes).

PDF statistics: 73 PDF objects out of 1000 (max. 8388607)
 47 compressed objects within 1 object stream
 6 named destinations out of 1000 (max. 131072)
 1 words of extra memory for PDF output out of 10000 (max. 100000000)

