This is LuaTeX, Version 1.06.2 (MiKTeX 2.9.6500 64-bit)  (format=lualatex 2017.12.3)  3 DEC 2017 21:55
 restricted system commands enabled.
**summary.tex
(./summary.tex
LaTeX2e <2017-04-15>
Lua module: luaotfload-main 2017/01/29 2.80001 OpenType layout system.
Lua module: lualibs 2017-02-01 2.5 ConTeXt Lua standard libraries.
Lua module: lualibs-extended 2017-02-01 2.5 ConTeXt Lua libraries -- extended co
llection.(using cache: C:/Users/ariel/AppData/Local/MiKTeX/2.9/luatex-cache/gene
ric)
luaotfload | conf : Root cache directory is C:/Users/ariel/AppData/Local/MiKTeX/
2.9/luatex-cache/generic/names.
luaotfload | init : Loading fontloader “fontloader-2017-02-11.lua” from kpse
-resolved path “C:/Program Files/MiKTeX 2.9/tex/luatex/luaotfload/fontloader-2
017-02-11.lua”.
Lua-only attribute luaotfload@state = 1
Lua-only attribute luaotfload@noligature = 2
Lua-only attribute luaotfload@syllabe = 3
luaotfload | init : Context OpenType loader version “3.027”
Inserting `luaotfload.node_processor' at position 1 in `pre_linebreak_filter'.
Inserting `luaotfload.node_processor' at position 1 in `hpack_filter'.
Inserting `luaotfload.define_font' at position 1 in `define_font'.
Lua-only attribute luaotfload_color_attribute = 4
luaotfload | conf : Root cache directory is C:/Users/ariel/AppData/Local/MiKTeX/
2.9/luatex-cache/generic/names.
Inserting `luaotfload.aux.set_sscale_dimens' at position 1 in `luaotfload.patch_
font'.
Inserting `luaotfload.aux.patch_cambria_domh' at position 2 in `luaotfload.patch
_font'.
Inserting `luaotfload.aux.fixup_fontdata' at position 1 in `luaotfload.patch_fon
t_unsafe'.
Inserting `luaotfload.aux.set_capheight' at position 3 in `luaotfload.patch_font
'.
Inserting `luaotfload.rewrite_fontname' at position 4 in `luaotfload.patch_font'
.
luaotfload | main : initialization completed in 0.509 seconds
Babel <3.15> and hyphenation patterns for 1 language(s) loaded.
! Undefined control sequence.
l.1 \cvsection
            {Summary}
The control sequence at the end of the top line
of your error message was never \def'ed. If you have
misspelled it (e.g., `\hobx'), type `I' and the correct
spelling (e.g., `I\hbox'). Otherwise just continue,
and I'll forget about whatever was undefined.


! LaTeX Error: Missing \begin{document}.

See the LaTeX manual or LaTeX Companion for explanation.
Type  H <return>  for immediate help.
 ...                                              
                                                  
l.1 \cvsection{S
              ummary}
You're in trouble here.  Try typing  <return>  to proceed.
If that doesn't work, type  X <return>  to quit.


! LaTeX Error: Environment cvitems undefined.

See the LaTeX manual or LaTeX Companion for explanation.
Type  H <return>  for immediate help.
 ...                                              
                                                  
l.2 \begin{cvitems}
                 
Your command was ignored.
Type  I <command> <return>  to replace it with another command,
or  <return>  to continue without it.

! Undefined control sequence.
l.3 \sectionspace
               
The control sequence at the end of the top line
of your error message was never \def'ed. If you have
misspelled it (e.g., `\hobx'), type `I' and the correct
spelling (e.g., `I\hbox'). Otherwise just continue,
and I'll forget about whatever was undefined.

! Undefined control sequence.
l.4 \sectionspace
               
The control sequence at the end of the top line
of your error message was never \def'ed. If you have
misspelled it (e.g., `\hobx'), type `I' and the correct
spelling (e.g., `I\hbox'). Otherwise just continue,
and I'll forget about whatever was undefined.

! Undefined control sequence.
l.6 	\fontsize{11pt}{1.2em}\bodyfontlight
                                       \upshape\color{text}
The control sequence at the end of the top line
of your error message was never \def'ed. If you have
misspelled it (e.g., `\hobx'), type `I' and the correct
spelling (e.g., `I\hbox'). Otherwise just continue,
and I'll forget about whatever was undefined.

luaotfload | db : Font names database loaded from C:/Users/ariel/AppData/Local/M
iKTeX/2.9/luatex-cache/generic/names/luaotfload-names.luc(save: C:/Users/ariel/A
ppData/Local/MiKTeX/2.9/luatex-cache/generic/fonts/otl/lmroman12-regular.lua)(sa
ve: C:/Users/ariel/AppData/Local/MiKTeX/2.9/luatex-cache/generic/fonts/otl/lmrom
an12-regular.luc)
! Undefined control sequence.
l.6 ...size{11pt}{1.2em}\bodyfontlight\upshape\color
                                                  {text}
The control sequence at the end of the top line
of your error message was never \def'ed. If you have
misspelled it (e.g., `\hobx'), type `I' and the correct
spelling (e.g., `I\hbox'). Otherwise just continue,
and I'll forget about whatever was undefined.


Overfull \hbox (20.0pt too wide) in paragraph at lines 1--7
[]Summary
 []


Overfull \hbox (18.85399pt too wide) in paragraph at lines 1--7
\TU/lmr/m/n/11 text 
 []


! LaTeX Error: Lonely \item--perhaps a missing list environment.

See the LaTeX manual or LaTeX Companion for explanation.
Type  H <return>  for immediate help.
 ...                                              
                                                  
l.7         \item {
                 Experience with Scala, Java, C\#, C++, C, SQL, VHDL, Assemb...
Try typing  <return>  to proceed.
If that doesn't work, type  X <return>  to quit.


Overfull \hbox (16.599pt too wide) in paragraph at lines 7--8
\TU/lmr/m/n/11 Ex-
 []


Overfull \hbox (14.652pt too wide) in paragraph at lines 7--8
\TU/lmr/m/n/11 pe-
 []


Overfull \hbox (10.769pt too wide) in paragraph at lines 7--8
\TU/lmr/m/n/11 ri-
 []


Overfull \hbox (20.339pt too wide) in paragraph at lines 7--8
\TU/lmr/m/n/11 ence
 []


Overfull \hbox (20.94398pt too wide) in paragraph at lines 7--8
\TU/lmr/m/n/11 with
 []


Overfull \hbox (27.533pt too wide) in paragraph at lines 7--8
\TU/lmr/m/n/11 Scala,
 []


Overfull \hbox (24.10101pt too wide) in paragraph at lines 7--8
\TU/lmr/m/n/11 Java,
 []


Overfull \hbox (19.745pt too wide) in paragraph at lines 7--8
\TU/lmr/m/n/11 C#,
 []


Overfull \hbox (27.533pt too wide) in paragraph at lines 7--8
\TU/lmr/m/n/11 C++,
 []


Overfull \hbox (10.769pt too wide) in paragraph at lines 7--8
\TU/lmr/m/n/11 C,
 []


Overfull \hbox (24.09pt too wide) in paragraph at lines 7--8
\TU/lmr/m/n/11 SQL,
 []


Overfull \hbox (34.1pt too wide) in paragraph at lines 7--8
\TU/lmr/m/n/11 VHDL,
 []


Overfull \hbox (15.906pt too wide) in paragraph at lines 7--8
\TU/lmr/m/n/11 As-
 []


Overfull \hbox (21.593pt too wide) in paragraph at lines 7--8
\TU/lmr/m/n/11 sem-
 []


Overfull \hbox (16.753pt too wide) in paragraph at lines 7--8
\TU/lmr/m/n/11 bly,
 []


Overfull \hbox (37.55399pt too wide) in paragraph at lines 7--8
\TU/lmr/m/n/11 Python,
 []


Overfull \hbox (49.236pt too wide) in paragraph at lines 7--8
\TU/lmr/m/n/11 JavaScript
 []


Overfull \hbox (20.493pt too wide) in paragraph at lines 7--8
\TU/lmr/m/n/11 (Re-
 []


Overfull \hbox (14.366pt too wide) in paragraph at lines 7--8
\TU/lmr/m/n/11 act
 []


Overfull \hbox (8.382pt too wide) in paragraph at lines 7--8
\TU/lmr/m/n/11 &
 []


Overfull \hbox (16.302pt too wide) in paragraph at lines 7--8
\TU/lmr/m/n/11 Re-
 []


Overfull \hbox (24.83798pt too wide) in paragraph at lines 7--8
\TU/lmr/m/n/11 dux),
 []


Overfull \hbox (32.45pt too wide) in paragraph at lines 7--8
\TU/lmr/m/n/11 HTML
 []


Overfull \hbox (17.35799pt too wide) in paragraph at lines 7--8
\TU/lmr/m/n/11 and
 []


Overfull \hbox (19.74498pt too wide) in paragraph at lines 7--8
\TU/lmr/m/n/11 CSS 
 []


! LaTeX Error: Lonely \item--perhaps a missing list environment.

See the LaTeX manual or LaTeX Companion for explanation.
Type  H <return>  for immediate help.
 ...                                              
                                                  
l.8         \item {
                 Proficient in project tracking, version control and continu...
Try typing  <return>  to proceed.
If that doesn't work, type  X <return>  to quit.


Overfull \hbox (20.493pt too wide) in paragraph at lines 8--9
\TU/lmr/m/n/11 Pro-
 []


Overfull \hbox (9.56999pt too wide) in paragraph at lines 8--9
\TU/lmr/m/n/11 fi-
 []


Overfull \hbox (22.44pt too wide) in paragraph at lines 8--9
\TU/lmr/m/n/11 cient
 []


Overfull \hbox (8.976pt too wide) in paragraph at lines 8--9
\TU/lmr/m/n/11 in
 []


Overfull \hbox (32.91199pt too wide) in paragraph at lines 8--9
\TU/lmr/m/n/11 project
 []


Overfull \hbox (27.53299pt too wide) in paragraph at lines 8--9
\TU/lmr/m/n/11 track-
 []


Overfull \hbox (17.358pt too wide) in paragraph at lines 8--9
\TU/lmr/m/n/11 ing,
 []


Overfull \hbox (17.952pt too wide) in paragraph at lines 8--9
\TU/lmr/m/n/11 ver-
 []


Overfull \hbox (18.612pt too wide) in paragraph at lines 8--9
\TU/lmr/m/n/11 sion
 []


Overfull \hbox (19.745pt too wide) in paragraph at lines 8--9
\TU/lmr/m/n/11 con-
 []


Overfull \hbox (16.76399pt too wide) in paragraph at lines 8--9
\TU/lmr/m/n/11 trol
 []


Overfull \hbox (17.35799pt too wide) in paragraph at lines 8--9
\TU/lmr/m/n/11 and
 []


Overfull \hbox (19.745pt too wide) in paragraph at lines 8--9
\TU/lmr/m/n/11 con-
 []


Overfull \hbox (16.75299pt too wide) in paragraph at lines 8--9
\TU/lmr/m/n/11 tin-
 []


Overfull \hbox (9.56999pt too wide) in paragraph at lines 8--9
\TU/lmr/m/n/11 u-
 []


Overfull \hbox (15.62pt too wide) in paragraph at lines 8--9
\TU/lmr/m/n/11 ous
 []


Overfull \hbox (12.562pt too wide) in paragraph at lines 8--9
\TU/lmr/m/n/11 in-
 []


Overfull \hbox (12.562pt too wide) in paragraph at lines 8--9
\TU/lmr/m/n/11 te-
 []


Overfull \hbox (18.55699pt too wide) in paragraph at lines 8--9
\TU/lmr/m/n/11 gra-
 []


Overfull \hbox (18.55699pt too wide) in paragraph at lines 8--9
\TU/lmr/m/n/11 tion
 []


Overfull \hbox (23.034pt too wide) in paragraph at lines 8--9
\TU/lmr/m/n/11 tech-
 []


Overfull \hbox (23.342pt too wide) in paragraph at lines 8--9
\TU/lmr/m/n/11 nolo-
 []


Overfull \hbox (17.41301pt too wide) in paragraph at lines 8--9
\TU/lmr/m/n/11 gies
 []


Overfull \hbox (23.34201pt too wide) in paragraph at lines 8--9
\TU/lmr/m/n/11 (e.g.,
 []


Overfull \hbox (18.623pt too wide) in paragraph at lines 8--9
\TU/lmr/m/n/11 Git,
 []


Overfull \hbox (28.41301pt too wide) in paragraph at lines 8--9
\TU/lmr/m/n/11 JIRA,
 []


Overfull \hbox (29.612pt too wide) in paragraph at lines 8--9
\TU/lmr/m/n/11 Team-
 []


Overfull \hbox (11.36299pt too wide) in paragraph at lines 8--9
\TU/lmr/m/n/11 C-
 []


Overfull \hbox (16.76399pt too wide) in paragraph at lines 8--9
\TU/lmr/m/n/11 ity) 
 []


! LaTeX Error: Lonely \item--perhaps a missing list environment.

See the LaTeX manual or LaTeX Companion for explanation.
Type  H <return>  for immediate help.
 ...                                              
                                                  
l.9         \item {
                 Software development lifecycle experience (i.e., Agile) wit...
Try typing  <return>  to proceed.
If that doesn't work, type  X <return>  to quit.


Overfull \hbox (22.43999pt too wide) in paragraph at lines 9--10
\TU/lmr/m/n/11 Soft-
 []


Overfull \hbox (21.846pt too wide) in paragraph at lines 9--10
\TU/lmr/m/n/11 ware
 []


Overfull \hbox (14.355pt too wide) in paragraph at lines 9--10
\TU/lmr/m/n/11 de-
 []


Overfull \hbox (16.753pt too wide) in paragraph at lines 9--10
\TU/lmr/m/n/11 vel-
 []


Overfull \hbox (14.95999pt too wide) in paragraph at lines 9--10
\TU/lmr/m/n/11 op-
 []


Overfull \hbox (23.63899pt too wide) in paragraph at lines 9--10
\TU/lmr/m/n/11 ment
 []


Overfull \hbox (17.64401pt too wide) in paragraph at lines 9--10
\TU/lmr/m/n/11 life-
 []


Overfull \hbox (14.058pt too wide) in paragraph at lines 9--10
\TU/lmr/m/n/11 cy-
 []


Overfull \hbox (12.56201pt too wide) in paragraph at lines 9--10
\TU/lmr/m/n/11 cle
 []


Overfull \hbox (14.058pt too wide) in paragraph at lines 9--10
\TU/lmr/m/n/11 ex-
 []


Overfull \hbox (14.652pt too wide) in paragraph at lines 9--10
\TU/lmr/m/n/11 pe-
 []


Overfull \hbox (10.769pt too wide) in paragraph at lines 9--10
\TU/lmr/m/n/11 ri-
 []


Overfull \hbox (20.339pt too wide) in paragraph at lines 9--10
\TU/lmr/m/n/11 ence
 []


Overfull \hbox (20.94402pt too wide) in paragraph at lines 9--10
\TU/lmr/m/n/11 (i.e.,
 []


Overfull \hbox (17.05pt too wide) in paragraph at lines 9--10
\TU/lmr/m/n/11 Ag-
 []


Overfull \hbox (14.96pt too wide) in paragraph at lines 9--10
\TU/lmr/m/n/11 ile)
 []


Overfull \hbox (20.94398pt too wide) in paragraph at lines 9--10
\TU/lmr/m/n/11 with
 []


Overfull \hbox (22.748pt too wide) in paragraph at lines 9--10
\TU/lmr/m/n/11 large
 []


Overfull \hbox (14.355pt too wide) in paragraph at lines 9--10
\TU/lmr/m/n/11 de-
 []


Overfull \hbox (16.753pt too wide) in paragraph at lines 9--10
\TU/lmr/m/n/11 vel-
 []


Overfull \hbox (14.95999pt too wide) in paragraph at lines 9--10
\TU/lmr/m/n/11 op-
 []


Overfull \hbox (23.63899pt too wide) in paragraph at lines 9--10
\TU/lmr/m/n/11 ment
 []


Overfull \hbox (27.588pt too wide) in paragraph at lines 9--10
\TU/lmr/m/n/11 teams 
 []


! LaTeX Error: Lonely \item--perhaps a missing list environment.

See the LaTeX manual or LaTeX Companion for explanation.
Type  H <return>  for immediate help.
 ...                                              
                                                  
l.10         \item {
                  Development experience on Linux and Windows environments}
Try typing  <return>  to proceed.
If that doesn't work, type  X <return>  to quit.


! LaTeX Error: \begin{document} ended by \end{cvitems}.

See the LaTeX manual or LaTeX Companion for explanation.
Type  H <return>  for immediate help.
 ...                                              
                                                  
l.11         \end{cvitems}
                        
Your command was ignored.
Type  I <command> <return>  to replace it with another command,
or  <return>  to continue without it.

! Undefined control sequence.
l.13 \sectionspace
                
The control sequence at the end of the top line
of your error message was never \def'ed. If you have
misspelled it (e.g., `\hobx'), type `I' and the correct
spelling (e.g., `I\hbox'). Otherwise just continue,
and I'll forget about whatever was undefined.

)
! Emergency stop.
<*> summary.tex
            
*** (job aborted, no legal \end found)



Here is how much of LuaTeX's memory you used:
 13 strings out of 494456
 100000,89155 words of node,token memory allocated 5892 words of node memory still in use:
   92 hlist, 1 adjust, 35 disc, 5 local_par, 1 dir, 208 glue, 19 kern, 54 penalt
y, 367 glyph, 29 attribute, 35 glue_spec, 29 attribute_list, 1 temp nodes
   avail lists: 2:3,4:2,5:6,8:1,9:2,10:1
 4266 multiletter control sequences out of 65536+200000
 15 fonts using 723239 bytes
 12i,1n,7p,144b,77s stack positions out of 5000i,500n,10000p,200000b,50000s
!  ==> Fatal error occurred, no output PDF file produced!
